#
# A fatal error has been detected by the Java Runtime Environment:
#
#  SIGSEGV (0xb) at pc=0x00007fe0b2b767e4, pid=4943, tid=0x00007fe0b30cd740
#
# JRE version: Java(TM) SE Runtime Environment (8.0_181-b13) (build 1.8.0_181-b13)
# Java VM: Java HotSpot(TM) 64-Bit Server VM (25.181-b13 mixed mode linux-amd64 compressed oops)
# Problematic frame:
# C  [libc.so.6+0x9f7e4]  strcasestr+0x24
#
# Failed to write core dump. Core dumps have been disabled. To enable core dumping, try "ulimit -c unlimited" before starting Java again
#
# If you would like to submit a bug report, please visit:
#   http://bugreport.java.com/bugreport/crash.jsp
# The crash happened outside the Java Virtual Machine in native code.
# See problematic frame for where to report the bug.
#

---------------  T H R E A D  ---------------

Current thread (0x0000562fdfe2f800):  JavaThread "main" [_thread_in_native, id=4943, stack(0x00007ffeb86c3000,0x00007ffeb87c3000)]

siginfo: si_signo: 11 (SIGSEGV), si_code: 1 (SEGV_MAPERR), si_addr: 0x0000000000000000

Registers:
RAX=0x0000000000000000, RBX=0x0000000000000000, RCX=0x0000000000000000, RDX=0x0000000000000030
RSP=0x00007ffeb87bd730, RBP=0x0000000000000000, RSI=0x0000562fe17ae140, RDI=0x0000000000000000
R8 =0x0000000000000000, R9 =0x0000000000000000, R10=0x0000000000000000, R11=0x00007fe0ad397e83
R12=0x0000562fe17ae140, R13=0x000000003ba82000, R14=0x000000003ba82000, R15=0x0000000000000400
RIP=0x00007fe0b2b767e4, EFLAGS=0x0000000000010246, CSGSFS=0x002b000000000033, ERR=0x0000000000000004
  TRAPNO=0x000000000000000e

Top of Stack: (sp=0x00007ffeb87bd730)
0x00007ffeb87bd730:   000000003ba82000 0000000000000000
0x00007ffeb87bd740:   0000000000000000 00007fe05000d1e0
0x00007ffeb87bd750:   0000000000000002 3b19b5522e69eb00
0x00007ffeb87bd760:   0000000000000000 00007fe05000d1e0
0x00007ffeb87bd770:   0000562fe1812c50 0000000000000000
0x00007ffeb87bd780:   0000000000000000 3b19b5522e69eb00
0x00007ffeb87bd790:   0000000000000400 0000000000000000
0x00007ffeb87bd7a0:   00007fe05000cfc0 0000562fe17ae140
0x00007ffeb87bd7b0:   000000003ba82000 000000003ba82000
0x00007ffeb87bd7c0:   0000000000000400 00007fe0ad391342
0x00007ffeb87bd7d0:   0000040000000020 00007fe0ad5dc91c
0x00007ffeb87bd7e0:   0000562fe17bbe20 0000000000000000
0x00007ffeb87bd7f0:   00007ffeb87bd800 0000562fdc402e10
0x00007ffeb87bd800:   0000562fe17f3560 000000005bed251b
0x00007ffeb87bd810:   000000003ba82000 0000562fe15acfb0
0x00007ffeb87bd820:   0000562fdc402e10 00007fe0ad3922d1
0x00007ffeb87bd830:   00007fe09b43fa50 000000003ba82000
0x00007ffeb87bd840:   0000562fdc402e10 0000000000000000
0x00007ffeb87bd850:   0000000000000000 0000000000000008
0x00007ffeb87bd860:   000000003ba82000 00007fe0ad38efff
0x00007ffeb87bd870:   00007fe09c2a0758 00007fe09c37b090
0x00007ffeb87bd880:   0000000000000008 0000000000000000
0x00007ffeb87bd890:   0000562fdf9d9080 00007fe09c2a0758
0x00007ffeb87bd8a0:   00007fe0adaf9600 00007fe0ad8bd16b
0x00007ffeb87bd8b0:   0000000800000000 000000003ba82000
0x00007ffeb87bd8c0:   00007fe09b9025d0 00007fe09b4433f8
0x00007ffeb87bd8d0:   00007fe09b43fa50 0000562fdbbaf800
0x00007ffeb87bd8e0:   0000000000000123 0000562fdbbe41ab
0x00007ffeb87bd8f0:   0000562fdbfd4b60 00007fe09b43f110
0x00007ffeb87bd900:   0000562fdbfd4b60 0000562fdbc4f0bb
0x00007ffeb87bd910:   00007fe09b443200 0000562fdbfd0560
0x00007ffeb87bd920:   00007fe0b308f168 00007fe09b6243c0 

Instructions: (pc=0x00007fe0b2b767e4)
0x00007fe0b2b767c4:   41 55 41 54 55 53 48 89 fd 48 83 ec 68 0f b6 16
0x00007fe0b2b767d4:   64 48 8b 04 25 28 00 00 00 48 89 44 24 58 31 c0
0x00007fe0b2b767e4:   0f b6 07 84 c0 0f 84 29 04 00 00 84 d2 0f 84 39
0x00007fe0b2b767f4:   04 00 00 4c 8b 35 22 b7 34 00 49 89 f4 48 89 f3 

Register to memory mapping:

RAX=0x0000000000000000 is an unknown value
RBX=0x0000000000000000 is an unknown value
RCX=0x0000000000000000 is an unknown value
RDX=0x0000000000000030 is an unknown value
RSP=0x00007ffeb87bd730 is pointing into the stack for thread: 0x0000562fdfe2f800
RBP=0x0000000000000000 is an unknown value
RSI=0x0000562fe17ae140 is an unknown value
RDI=0x0000000000000000 is an unknown value
R8 =0x0000000000000000 is an unknown value
R9 =0x0000000000000000 is an unknown value
R10=0x0000000000000000 is an unknown value
R11=0x00007fe0ad397e83: <offset 0x11e83> in /usr/local/lib/libvmi-0.9.so at 0x00007fe0ad386000
R12=0x0000562fe17ae140 is an unknown value
R13=0x000000003ba82000 is an unknown value
R14=0x000000003ba82000 is an unknown value
R15=0x0000000000000400 is an unknown value


Stack: [0x00007ffeb86c3000,0x00007ffeb87c3000],  sp=0x00007ffeb87bd730,  free space=1001k
Native frames: (J=compiled Java code, j=interpreted, Vv=VM code, C=native code)
C  [libc.so.6+0x9f7e4]  strcasestr+0x24

Java frames: (J=compiled Java code, j=interpreted, Vv=VM code)
j  jpype.JPypeInvocationHandler.hostInvoke(Ljava/lang/String;J[Ljava/lang/Object;[Ljava/lang/Class;Ljava/lang/Class;)Ljava/lang/Object;+0
j  jpype.JPypeInvocationHandler.invoke(Ljava/lang/Object;Ljava/lang/reflect/Method;[Ljava/lang/Object;)Ljava/lang/Object;+17
j  com.sun.proxy.$Proxy0.readBytesFromProcess(JJ)[B+26
j  sun.jvm.hotspot.debugger.linux.LinuxDebuggerLocal.readBytesFromProcess0(JJ)[B+8
j  sun.jvm.hotspot.debugger.linux.LinuxDebuggerLocal.readBytesFromProcess(JJ)Lsun/jvm/hotspot/debugger/ReadResult;+14
j  sun.jvm.hotspot.debugger.DebuggerBase$Fetcher.fetchPage(JJ)Lsun/jvm/hotspot/debugger/Page;+6
J 192 C2 sun.jvm.hotspot.debugger.DebuggerBase.readBytes(JJ)[B (52 bytes) @ 0x00007fe0888ae88c [0x00007fe0888ae4e0+0x3ac]
J 249 C1 sun.jvm.hotspot.debugger.linux.LinuxDebuggerLocal.readCInteger(JJZ)J (51 bytes) @ 0x00007fe0888caff4 [0x00007fe0888cad00+0x2f4]
J 248 C1 sun.jvm.hotspot.debugger.linux.LinuxAddress.getCIntegerAt(JJZ)J (19 bytes) @ 0x00007fe0888c757c [0x00007fe0888c74c0+0xbc]
j  sun.jvm.hotspot.types.basic.BasicField.getCInteger(Lsun/jvm/hotspot/debugger/Address;Lsun/jvm/hotspot/types/CIntegerType;)J+32
j  sun.jvm.hotspot.types.basic.BasicCIntegerField.getValue(Lsun/jvm/hotspot/debugger/Address;)J+6
j  sun.jvm.hotspot.utilities.BasicHashtableEntry.hash()J+7
j  sun.jvm.hotspot.memory.SymbolTable.probe([B)Lsun/jvm/hotspot/oops/Symbol;+26
j  sun.jvm.hotspot.memory.SymbolTable.probe(Ljava/lang/String;)Lsun/jvm/hotspot/oops/Symbol;+5
j  sun.jvm.hotspot.oops.InstanceKlass.findField(Ljava/lang/String;Ljava/lang/String;)Lsun/jvm/hotspot/oops/Field;+16
j  sun.jvm.hotspot.oops.OopUtilities.initThreadFields()V+52
j  sun.jvm.hotspot.oops.OopUtilities.threadOopGetName(Lsun/jvm/hotspot/oops/Oop;)Ljava/lang/String;+0
j  sun.jvm.hotspot.runtime.JavaThread.getThreadName()Ljava/lang/String;+13
j  sun.tools.python.PyTool.initThread(Ljava/lang/String;)Lsun/jvm/hotspot/runtime/JavaThread;+15
j  sun.tools.python.PyTool.initJavaFirstFPAddress(Ljava/lang/String;Z)J+27
j  sun.tools.python.PyDump.initJavaFirstFPAddress(Ljava/lang/String;Z)J+7
v  ~StubRoutines::call_stub

---------------  P R O C E S S  ---------------

Java Threads: ( => current thread )
  0x0000562fe14af000 JavaThread "Thread-0" [_thread_blocked, id=5656, stack(0x00007fe084d77000,0x00007fe084e78000)]
  0x0000562fe146e000 JavaThread "Service Thread" daemon [_thread_blocked, id=5654, stack(0x00007fe084f79000,0x00007fe08507a000)]
  0x0000562fe1459000 JavaThread "C1 CompilerThread1" daemon [_thread_blocked, id=5653, stack(0x00007fe08507b000,0x00007fe08517b000)]
  0x0000562fe1456000 JavaThread "C2 CompilerThread0" daemon [_thread_blocked, id=5652, stack(0x00007fe08517c000,0x00007fe08527c000)]
  0x0000562fe1454800 JavaThread "Signal Dispatcher" daemon [_thread_in_native, id=5651, stack(0x00007fe08527c000,0x00007fe08537d000)]
  0x0000562fe1423000 JavaThread "Finalizer" daemon [_thread_blocked, id=5650, stack(0x00007fe08537d000,0x00007fe08547e000)]
  0x0000562fe0040800 JavaThread "Reference Handler" daemon [_thread_blocked, id=5649, stack(0x00007fe08547e000,0x00007fe08557f000)]
=>0x0000562fdfe2f800 JavaThread "main" [_thread_in_native, id=4943, stack(0x00007ffeb86c3000,0x00007ffeb87c3000)]

Other Threads:
  0x0000562fe0039000 VMThread [stack: 0x00007fe085580000,0x00007fe085680000] [id=5648]
  0x0000562fe1473000 WatcherThread [stack: 0x00007fe084e79000,0x00007fe084f79000] [id=5655]

VM state:not at safepoint (normal execution)

VM Mutex/Monitor currently owned by a thread: None

Heap:
 PSYoungGen      total 17920K, used 10156K [0x00000000ec600000, 0x00000000eda00000, 0x0000000100000000)
  eden space 15360K, 66% used [0x00000000ec600000,0x00000000ecfeb378,0x00000000ed500000)
  from space 2560K, 0% used [0x00000000ed780000,0x00000000ed780000,0x00000000eda00000)
  to   space 2560K, 0% used [0x00000000ed500000,0x00000000ed500000,0x00000000ed780000)
 ParOldGen       total 40960K, used 0K [0x00000000c5200000, 0x00000000c7a00000, 0x00000000ec600000)
  object space 40960K, 0% used [0x00000000c5200000,0x00000000c5200000,0x00000000c7a00000)
 Metaspace       used 4399K, capacity 5560K, committed 5760K, reserved 1056768K
  class space    used 507K, capacity 552K, committed 640K, reserved 1048576K

Card table byte_map: [0x00007fe0881a3000,0x00007fe08837b000] byte_map_base: 0x00007fe087b7a000

Marking Bits: (ParMarkBitMap*) 0x00007fe098d660a0
 Begin Bits: [0x00007fe086231000, 0x00007fe0870e9000)
 End Bits:   [0x00007fe0870e9000, 0x00007fe087fa1000)

Polling page: 0x00007fe0b30e6000

CodeCache: size=245760Kb used=1797Kb max_used=1803Kb free=243962Kb
 bounds [0x00007fe08873b000, 0x00007fe0889ab000, 0x00007fe09773b000]
 total_blobs=602 nmethods=360 adapters=157
 compilation: enabled

Compilation events (10 events):
Event: 27.150 Thread 0x0000562fe1459000  356       3       sun.jvm.hotspot.debugger.linux.LinuxOopHandle::<init> (7 bytes)
Event: 27.150 Thread 0x0000562fe1459000 nmethod 356 0x00007fe0888fdc90 code [0x00007fe0888fde00, 0x00007fe0888fe030]
Event: 27.151 Thread 0x0000562fe1459000  357       3       sun.jvm.hotspot.runtime.VM::isCompressedOopsEnabled (52 bytes)
Event: 27.151 Thread 0x0000562fe1459000 nmethod 357 0x00007fe0888fd5d0 code [0x00007fe0888fd760, 0x00007fe0888fdb98]
Event: 27.151 Thread 0x0000562fe1459000  359       1       sun.jvm.hotspot.oops.Field::getOffset (5 bytes)
Event: 27.151 Thread 0x0000562fe1459000 nmethod 359 0x00007fe0888fd310 code [0x00007fe0888fd460, 0x00007fe0888fd570]
Event: 27.151 Thread 0x0000562fe1459000  358       3       sun.jvm.hotspot.runtime.VM::isCore (20 bytes)
Event: 27.151 Thread 0x0000562fe1459000 nmethod 358 0x00007fe0888fcf10 code [0x00007fe0888fd080, 0x00007fe0888fd270]
Event: 27.353 Thread 0x0000562fe1459000  360       3       java.lang.Long::longValue (5 bytes)
Event: 27.353 Thread 0x0000562fe1459000 nmethod 360 0x00007fe0888fcc10 code [0x00007fe0888fcd60, 0x00007fe0888fceb0]

GC Heap History (0 events):
No events

Deoptimization events (5 events):
Event: 22.242 Thread 0x0000562fdfe2f800 Uncommon trap: reason=unstable_if action=reinterpret pc=0x00007fe0888b03e8 method=sun.jvm.hotspot.debugger.DebuggerUtilities.dataToCInteger([BZ)J @ 38
Event: 22.242 Thread 0x0000562fdfe2f800 Uncommon trap: reason=unstable_if action=reinterpret pc=0x00007fe0888b142c method=sun.jvm.hotspot.debugger.DebuggerUtilities.dataToCInteger([BZ)J @ 38
Event: 22.242 Thread 0x0000562fdfe2f800 Uncommon trap: reason=unstable_if action=reinterpret pc=0x00007fe0888ab8f4 method=sun.jvm.hotspot.debugger.DebuggerUtilities.dataToCInteger([BZ)J @ 38
Event: 22.746 Thread 0x0000562fdfe2f800 Uncommon trap: reason=bimorphic action=maybe_recompile pc=0x00007fe0888c7db0 method=java.util.HashMap.getNode(ILjava/lang/Object;)Ljava/util/HashMap$Node; @ 126
Event: 22.748 Thread 0x0000562fdfe2f800 Uncommon trap: reason=bimorphic action=maybe_recompile pc=0x00007fe0888c7db0 method=java.util.HashMap.getNode(ILjava/lang/Object;)Ljava/util/HashMap$Node; @ 126

Classes redefined (0 events):
No events

Internal exceptions (6 events):
Event: 0.316 Thread 0x0000562fdfe2f800 Exception <a 'java/lang/NoSuchMethodError': Method sun.misc.Unsafe.defineClass(Ljava/lang/String;[BII)Ljava/lang/Class; name or signature does not match> (0x00000000ec607cb0) thrown at [/HUDSON/workspace/8-2-build-linux-amd64/jdk8u181/11358/hotspot/src/sh
Event: 0.316 Thread 0x0000562fdfe2f800 Exception <a 'java/lang/NoSuchMethodError': Method sun.misc.Unsafe.prefetchRead(Ljava/lang/Object;J)V name or signature does not match> (0x00000000ec607f98) thrown at [/HUDSON/workspace/8-2-build-linux-amd64/jdk8u181/11358/hotspot/src/share/vm/prims/jni.c
Event: 22.747 Thread 0x0000562fdfe2f800 Exception <a 'java/security/PrivilegedActionException'> (0x00000000ecba9738) thrown at [/HUDSON/workspace/8-2-build-linux-amd64/jdk8u181/11358/hotspot/src/share/vm/prims/jvm.cpp, line 1435]
Event: 22.747 Thread 0x0000562fdfe2f800 Exception <a 'java/security/PrivilegedActionException'> (0x00000000ecba9948) thrown at [/HUDSON/workspace/8-2-build-linux-amd64/jdk8u181/11358/hotspot/src/share/vm/prims/jvm.cpp, line 1435]
Event: 22.748 Thread 0x0000562fdfe2f800 Exception <a 'java/security/PrivilegedActionException'> (0x00000000ecbabdb0) thrown at [/HUDSON/workspace/8-2-build-linux-amd64/jdk8u181/11358/hotspot/src/share/vm/prims/jvm.cpp, line 1435]
Event: 22.748 Thread 0x0000562fdfe2f800 Exception <a 'java/security/PrivilegedActionException'> (0x00000000ecbabfc0) thrown at [/HUDSON/workspace/8-2-build-linux-amd64/jdk8u181/11358/hotspot/src/share/vm/prims/jvm.cpp, line 1435]

Events (10 events):
Event: 26.687 loading class sun/jvm/hotspot/utilities/BasicHashtableEntry$1 done
Event: 26.688 loading class sun/jvm/hotspot/utilities/HashtableEntry$1
Event: 26.688 loading class sun/jvm/hotspot/utilities/HashtableEntry$1 done
Event: 26.954 loading class sun/jvm/hotspot/oops/ConstantPool$1
Event: 26.954 loading class sun/jvm/hotspot/oops/ConstantPool$1 done
Event: 26.954 loading class sun/jvm/hotspot/oops/ConstantPool$CPSlot
Event: 26.954 loading class sun/jvm/hotspot/oops/ConstantPool$CPSlot done
Event: 26.955 loading class sun/jvm/hotspot/oops/FieldType
Event: 26.955 loading class sun/jvm/hotspot/oops/FieldType done
Event: 27.375 loading class sun/misc/Signal$1


Dynamic libraries:
c5200000-c7a00000 rw-p 00000000 00:00 0 
c7a00000-ec600000 ---p 00000000 00:00 0 
ec600000-eda00000 rw-p 00000000 00:00 0 
eda00000-100000000 ---p 00000000 00:00 0 
100000000-1000a0000 rw-p 00000000 00:00 0 
1000a0000-140000000 ---p 00000000 00:00 0 
562fdbab0000-562fdbdb8000 r-xp 00000000 08:06 1181697                    /usr/bin/python2.7
562fdbfb8000-562fdbfba000 r--p 00308000 08:06 1181697                    /usr/bin/python2.7
562fdbfba000-562fdc030000 rw-p 0030a000 08:06 1181697                    /usr/bin/python2.7
562fdc030000-562fdc054000 rw-p 00000000 00:00 0 
562fdc39b000-562fe1c0a000 rw-p 00000000 00:00 0                          [heap]
7fe04c000000-7fe04c021000 rw-p 00000000 00:00 0 
7fe04c021000-7fe050000000 ---p 00000000 00:00 0 
7fe050000000-7fe050175000 rw-p 00000000 00:00 0 
7fe050175000-7fe054000000 ---p 00000000 00:00 0 
7fe056a10000-7fe056a18000 r-xp 00000000 08:06 1061189                    /lib/x86_64-linux-gnu/libthread_db-1.0.so
7fe056a18000-7fe056c17000 ---p 00008000 08:06 1061189                    /lib/x86_64-linux-gnu/libthread_db-1.0.so
7fe056c17000-7fe056c18000 r--p 00007000 08:06 1061189                    /lib/x86_64-linux-gnu/libthread_db-1.0.so
7fe056c18000-7fe056c19000 rw-p 00008000 08:06 1061189                    /lib/x86_64-linux-gnu/libthread_db-1.0.so
7fe056c19000-7fe056c24000 r-xp 00000000 08:06 806906                     /usr/lib/jvm/java-8-oracle/jre/lib/amd64/libsaproc.so
7fe056c24000-7fe056e23000 ---p 0000b000 08:06 806906                     /usr/lib/jvm/java-8-oracle/jre/lib/amd64/libsaproc.so
7fe056e23000-7fe056e24000 rw-p 0000a000 08:06 806906                     /usr/lib/jvm/java-8-oracle/jre/lib/amd64/libsaproc.so
7fe056e24000-7fe0572a4000 rw-p 00000000 00:00 0 
7fe0572a4000-7fe0575b6000 r-xp 00000000 08:09 3414191                    /home/kong/.local/lib/python2.7/site-packages/cryptography/hazmat/bindings/_openssl.so
7fe0575b6000-7fe0577b6000 ---p 00312000 08:09 3414191                    /home/kong/.local/lib/python2.7/site-packages/cryptography/hazmat/bindings/_openssl.so
7fe0577b6000-7fe0577fb000 rw-p 00312000 08:09 3414191                    /home/kong/.local/lib/python2.7/site-packages/cryptography/hazmat/bindings/_openssl.so
7fe0577fb000-7fe0577ff000 rw-p 00000000 00:00 0 
7fe0577ff000-7fe057800000 ---p 00000000 00:00 0 
7fe057800000-7fe058000000 rw-p 00000000 00:00 0 
7fe058000000-7fe058021000 rw-p 00000000 00:00 0 
7fe058021000-7fe05c000000 ---p 00000000 00:00 0 
7fe05c000000-7fe05c382000 rw-p 00000000 00:00 0 
7fe05c382000-7fe060000000 ---p 00000000 00:00 0 
7fe060000000-7fe060183000 rw-p 00000000 00:00 0 
7fe060183000-7fe064000000 ---p 00000000 00:00 0 
7fe064000000-7fe064021000 rw-p 00000000 00:00 0 
7fe064021000-7fe068000000 ---p 00000000 00:00 0 
7fe068000000-7fe068021000 rw-p 00000000 00:00 0 
7fe068021000-7fe06c000000 ---p 00000000 00:00 0 
7fe06c000000-7fe06c2c1000 rw-p 00000000 00:00 0 
7fe06c2c1000-7fe070000000 ---p 00000000 00:00 0 
7fe070000000-7fe070021000 rw-p 00000000 00:00 0 
7fe070021000-7fe074000000 ---p 00000000 00:00 0 
7fe074000000-7fe074021000 rw-p 00000000 00:00 0 
7fe074021000-7fe078000000 ---p 00000000 00:00 0 
7fe078000000-7fe078021000 rw-p 00000000 00:00 0 
7fe078021000-7fe07c000000 ---p 00000000 00:00 0 
7fe07c000000-7fe07c021000 rw-p 00000000 00:00 0 
7fe07c021000-7fe080000000 ---p 00000000 00:00 0 
7fe080000000-7fe080021000 rw-p 00000000 00:00 0 
7fe080021000-7fe084000000 ---p 00000000 00:00 0 
7fe084034000-7fe084374000 rw-p 00000000 00:00 0 
7fe084374000-7fe084376000 r-xp 00000000 08:09 3414187                    /home/kong/.local/lib/python2.7/site-packages/cryptography/hazmat/bindings/_constant_time.so
7fe084376000-7fe084575000 ---p 00002000 08:09 3414187                    /home/kong/.local/lib/python2.7/site-packages/cryptography/hazmat/bindings/_constant_time.so
7fe084575000-7fe084576000 rw-p 00001000 08:09 3414187                    /home/kong/.local/lib/python2.7/site-packages/cryptography/hazmat/bindings/_constant_time.so
7fe084576000-7fe084577000 ---p 00000000 00:00 0 
7fe084577000-7fe084d77000 rw-p 00000000 00:00 0 
7fe084d77000-7fe084d7a000 ---p 00000000 00:00 0 
7fe084d7a000-7fe084e78000 rw-p 00000000 00:00 0 
7fe084e78000-7fe084e79000 ---p 00000000 00:00 0 
7fe084e79000-7fe084f79000 rw-p 00000000 00:00 0 
7fe084f79000-7fe084f7c000 ---p 00000000 00:00 0 
7fe084f7c000-7fe08507a000 rw-p 00000000 00:00 0 
7fe08507a000-7fe08507b000 ---p 00000000 00:00 0 
7fe08507b000-7fe08507e000 ---p 00000000 00:00 0 
7fe08507e000-7fe08517b000 rw-p 00000000 00:00 0 
7fe08517b000-7fe08517c000 ---p 00000000 00:00 0 
7fe08517c000-7fe08517f000 ---p 00000000 00:00 0 
7fe08517f000-7fe08527c000 rw-p 00000000 00:00 0 
7fe08527c000-7fe08527f000 ---p 00000000 00:00 0 
7fe08527f000-7fe08537d000 rw-p 00000000 00:00 0 
7fe08537d000-7fe085380000 ---p 00000000 00:00 0 
7fe085380000-7fe08547e000 rw-p 00000000 00:00 0 
7fe08547e000-7fe085481000 ---p 00000000 00:00 0 
7fe085481000-7fe08557f000 rw-p 00000000 00:00 0 
7fe08557f000-7fe085580000 ---p 00000000 00:00 0 
7fe085580000-7fe085680000 rw-p 00000000 00:00 0 
7fe085680000-7fe08585a000 r--s 03d6b000 08:06 798947                     /usr/lib/jvm/java-8-oracle/jre/lib/rt.jar
7fe08585a000-7fe085d5a000 rw-p 00000000 00:00 0 
7fe085d5a000-7fe08605a000 ---p 00000000 00:00 0 
7fe08605a000-7fe087fa1000 rw-p 00000000 00:00 0 
7fe087fa1000-7fe087fa2000 ---p 00000000 00:00 0 
7fe087fa2000-7fe0880a2000 rw-p 00000000 00:00 0 
7fe0880a2000-7fe0880a3000 ---p 00000000 00:00 0 
7fe0880a3000-7fe0881b7000 rw-p 00000000 00:00 0 
7fe0881b7000-7fe0882dd000 ---p 00000000 00:00 0 
7fe0882dd000-7fe0882e7000 rw-p 00000000 00:00 0 
7fe0882e7000-7fe08837a000 ---p 00000000 00:00 0 
7fe08837a000-7fe088385000 rw-p 00000000 00:00 0 
7fe088385000-7fe08873b000 ---p 00000000 00:00 0 
7fe08873b000-7fe0889ab000 rwxp 00000000 00:00 0 
7fe0889ab000-7fe09773b000 ---p 00000000 00:00 0 
7fe09773b000-7fe097756000 r-xp 00000000 08:06 806926                     /usr/lib/jvm/java-8-oracle/jre/lib/amd64/libzip.so
7fe097756000-7fe097956000 ---p 0001b000 08:06 806926                     /usr/lib/jvm/java-8-oracle/jre/lib/amd64/libzip.so
7fe097956000-7fe097957000 rw-p 0001b000 08:06 806926                     /usr/lib/jvm/java-8-oracle/jre/lib/amd64/libzip.so
7fe097957000-7fe097982000 r-xp 00000000 08:06 806920                     /usr/lib/jvm/java-8-oracle/jre/lib/amd64/libjava.so
7fe097982000-7fe097b81000 ---p 0002b000 08:06 806920                     /usr/lib/jvm/java-8-oracle/jre/lib/amd64/libjava.so
7fe097b81000-7fe097b83000 rw-p 0002a000 08:06 806920                     /usr/lib/jvm/java-8-oracle/jre/lib/amd64/libjava.so
7fe097b83000-7fe097b90000 r-xp 00000000 08:06 806925                     /usr/lib/jvm/java-8-oracle/jre/lib/amd64/libverify.so
7fe097b90000-7fe097d90000 ---p 0000d000 08:06 806925                     /usr/lib/jvm/java-8-oracle/jre/lib/amd64/libverify.so
7fe097d90000-7fe097d92000 rw-p 0000d000 08:06 806925                     /usr/lib/jvm/java-8-oracle/jre/lib/amd64/libverify.so
7fe097d92000-7fe098a6e000 r-xp 00000000 08:06 806902                     /usr/lib/jvm/java-8-oracle/jre/lib/amd64/server/libjvm.so
7fe098a6e000-7fe098c6e000 ---p 00cdc000 08:06 806902                     /usr/lib/jvm/java-8-oracle/jre/lib/amd64/server/libjvm.so
7fe098c6e000-7fe098d48000 rw-p 00cdc000 08:06 806902                     /usr/lib/jvm/java-8-oracle/jre/lib/amd64/server/libjvm.so
7fe098d48000-7fe098d93000 rw-p 00000000 00:00 0 
7fe098d93000-7fe098d9e000 r-xp 00000000 08:06 1061181                    /lib/x86_64-linux-gnu/libnss_files-2.27.so
7fe098d9e000-7fe098f9d000 ---p 0000b000 08:06 1061181                    /lib/x86_64-linux-gnu/libnss_files-2.27.so
7fe098f9d000-7fe098f9e000 r--p 0000a000 08:06 1061181                    /lib/x86_64-linux-gnu/libnss_files-2.27.so
7fe098f9e000-7fe098f9f000 rw-p 0000b000 08:06 1061181                    /lib/x86_64-linux-gnu/libnss_files-2.27.so
7fe098f9f000-7fe098fa5000 rw-p 00000000 00:00 0 
7fe098fa5000-7fe098fbc000 r-xp 00000000 08:06 1061178                    /lib/x86_64-linux-gnu/libnsl-2.27.so
7fe098fbc000-7fe0991bb000 ---p 00017000 08:06 1061178                    /lib/x86_64-linux-gnu/libnsl-2.27.so
7fe0991bb000-7fe0991bc000 r--p 00016000 08:06 1061178                    /lib/x86_64-linux-gnu/libnsl-2.27.so
7fe0991bc000-7fe0991bd000 rw-p 00017000 08:06 1061178                    /lib/x86_64-linux-gnu/libnsl-2.27.so
7fe0991bd000-7fe0991bf000 rw-p 00000000 00:00 0 
7fe0991bf000-7fe0991ca000 r-xp 00000000 08:06 1061183                    /lib/x86_64-linux-gnu/libnss_nis-2.27.so
7fe0991ca000-7fe0993c9000 ---p 0000b000 08:06 1061183                    /lib/x86_64-linux-gnu/libnss_nis-2.27.so
7fe0993c9000-7fe0993ca000 r--p 0000a000 08:06 1061183                    /lib/x86_64-linux-gnu/libnss_nis-2.27.so
7fe0993ca000-7fe0993cb000 rw-p 0000b000 08:06 1061183                    /lib/x86_64-linux-gnu/libnss_nis-2.27.so
7fe0993cb000-7fe0993d3000 r-xp 00000000 08:06 1061179                    /lib/x86_64-linux-gnu/libnss_compat-2.27.so
7fe0993d3000-7fe0995d3000 ---p 00008000 08:06 1061179                    /lib/x86_64-linux-gnu/libnss_compat-2.27.so
7fe0995d3000-7fe0995d4000 r--p 00008000 08:06 1061179                    /lib/x86_64-linux-gnu/libnss_compat-2.27.so
7fe0995d4000-7fe0995d5000 rw-p 00009000 08:06 1061179                    /lib/x86_64-linux-gnu/libnss_compat-2.27.so
7fe0995d5000-7fe099695000 rw-p 00000000 00:00 0 
7fe099695000-7fe09a595000 rw-p 00000000 00:00 0 
7fe09a595000-7fe09a5a4000 r-xp 00000000 08:06 7224                       /usr/lib/python2.7/lib-dynload/pyexpat.x86_64-linux-gnu.so
7fe09a5a4000-7fe09a7a3000 ---p 0000f000 08:06 7224                       /usr/lib/python2.7/lib-dynload/pyexpat.x86_64-linux-gnu.so
7fe09a7a3000-7fe09a7a4000 r--p 0000e000 08:06 7224                       /usr/lib/python2.7/lib-dynload/pyexpat.x86_64-linux-gnu.so
7fe09a7a4000-7fe09a7a6000 rw-p 0000f000 08:06 7224                       /usr/lib/python2.7/lib-dynload/pyexpat.x86_64-linux-gnu.so
7fe09a7a6000-7fe09aba6000 rw-p 00000000 00:00 0 
7fe09abd5000-7fe09ac55000 rw-p 00000000 00:00 0 
7fe09ac55000-7fe09ac64000 r-xp 00000000 08:06 7184                       /usr/lib/python2.7/lib-dynload/_elementtree.x86_64-linux-gnu.so
7fe09ac64000-7fe09ae64000 ---p 0000f000 08:06 7184                       /usr/lib/python2.7/lib-dynload/_elementtree.x86_64-linux-gnu.so
7fe09ae64000-7fe09ae65000 r--p 0000f000 08:06 7184                       /usr/lib/python2.7/lib-dynload/_elementtree.x86_64-linux-gnu.so
7fe09ae65000-7fe09ae66000 rw-p 00010000 08:06 7184                       /usr/lib/python2.7/lib-dynload/_elementtree.x86_64-linux-gnu.so
7fe09ae66000-7fe09aea6000 rw-p 00000000 00:00 0 
7fe09aea7000-7fe09b427000 rw-p 00000000 00:00 0 
7fe09b42d000-7fe09b481000 rw-p 00000000 00:00 0 
7fe09b481000-7fe09b5a7000 ---p 00000000 00:00 0 
7fe09b5a7000-7fe09b727000 rw-p 00000000 00:00 0 
7fe09b728000-7fe09bde8000 rw-p 00000000 00:00 0 
7fe09bde8000-7fe09c1a1000 rw-p 00000000 00:00 0 
7fe09c1ab000-7fe09c4ab000 rw-p 00000000 00:00 0 
7fe09c4ab000-7fe09c4eb000 rw-p 00000000 00:00 0 
7fe09c4eb000-7fe09c6d3000 rw-p 00000000 00:00 0 
7fe09c6ed000-7fe09dc6d000 rw-p 00000000 00:00 0 
7fe09dc6d000-7fe09dc6f000 r-xp 00000000 08:06 135166                     /usr/local/lib/python2.7/dist-packages/Crypto/Util/strxor.so
7fe09dc6f000-7fe09de6e000 ---p 00002000 08:06 135166                     /usr/local/lib/python2.7/dist-packages/Crypto/Util/strxor.so
7fe09de6e000-7fe09de6f000 r--p 00001000 08:06 135166                     /usr/local/lib/python2.7/dist-packages/Crypto/Util/strxor.so
7fe09de6f000-7fe09de70000 rw-p 00002000 08:06 135166                     /usr/local/lib/python2.7/dist-packages/Crypto/Util/strxor.so
7fe09de70000-7fe09de78000 r-xp 00000000 08:06 1061808                    /usr/local/lib/python2.7/dist-packages/Crypto/Cipher/_AES.so
7fe09de78000-7fe09e077000 ---p 00008000 08:06 1061808                    /usr/local/lib/python2.7/dist-packages/Crypto/Cipher/_AES.so
7fe09e077000-7fe09e078000 r--p 00007000 08:06 1061808                    /usr/local/lib/python2.7/dist-packages/Crypto/Cipher/_AES.so
7fe09e078000-7fe09e079000 rw-p 00008000 08:06 1061808                    /usr/local/lib/python2.7/dist-packages/Crypto/Cipher/_AES.so
7fe09e079000-7fe09ebf9000 rw-p 00000000 00:00 0 
7fe09ebf9000-7fe09ec0c000 r-xp 00000000 08:06 1054355                    /lib/x86_64-linux-gnu/libbsd.so.0.8.7
7fe09ec0c000-7fe09ee0b000 ---p 00013000 08:06 1054355                    /lib/x86_64-linux-gnu/libbsd.so.0.8.7
7fe09ee0b000-7fe09ee0c000 r--p 00012000 08:06 1054355                    /lib/x86_64-linux-gnu/libbsd.so.0.8.7
7fe09ee0c000-7fe09ee0d000 rw-p 00013000 08:06 1054355                    /lib/x86_64-linux-gnu/libbsd.so.0.8.7
7fe09ee0d000-7fe09ee0e000 rw-p 00000000 00:00 0 
7fe09ee0e000-7fe09ee3f000 r-xp 00000000 08:06 2484                       /usr/lib/x86_64-linux-gnu/libpng16.so.16.34.0
7fe09ee3f000-7fe09f03e000 ---p 00031000 08:06 2484                       /usr/lib/x86_64-linux-gnu/libpng16.so.16.34.0
7fe09f03e000-7fe09f03f000 r--p 00030000 08:06 2484                       /usr/lib/x86_64-linux-gnu/libpng16.so.16.34.0
7fe09f03f000-7fe09f040000 rw-p 00031000 08:06 2484                       /usr/lib/x86_64-linux-gnu/libpng16.so.16.34.0
7fe09f040000-7fe09f045000 r-xp 00000000 08:06 11449                      /usr/lib/x86_64-linux-gnu/libXdmcp.so.6.0.0
7fe09f045000-7fe09f244000 ---p 00005000 08:06 11449                      /usr/lib/x86_64-linux-gnu/libXdmcp.so.6.0.0
7fe09f244000-7fe09f245000 r--p 00004000 08:06 11449                      /usr/lib/x86_64-linux-gnu/libXdmcp.so.6.0.0
7fe09f245000-7fe09f246000 rw-p 00005000 08:06 11449                      /usr/lib/x86_64-linux-gnu/libXdmcp.so.6.0.0
7fe09f246000-7fe09f248000 r-xp 00000000 08:06 6009                       /usr/lib/x86_64-linux-gnu/libXau.so.6.0.0
7fe09f248000-7fe09f448000 ---p 00002000 08:06 6009                       /usr/lib/x86_64-linux-gnu/libXau.so.6.0.0
7fe09f448000-7fe09f449000 r--p 00002000 08:06 6009                       /usr/lib/x86_64-linux-gnu/libXau.so.6.0.0
7fe09f449000-7fe09f44a000 rw-p 00003000 08:06 6009                       /usr/lib/x86_64-linux-gnu/libXau.so.6.0.0
7fe09f44a000-7fe09f45b000 r-xp 00000000 08:06 1678                       /usr/lib/x86_64-linux-gnu/libXext.so.6.4.0
7fe09f45b000-7fe09f65a000 ---p 00011000 08:06 1678                       /usr/lib/x86_64-linux-gnu/libXext.so.6.4.0
7fe09f65a000-7fe09f65b000 r--p 00010000 08:06 1678                       /usr/lib/x86_64-linux-gnu/libXext.so.6.4.0
7fe09f65b000-7fe09f65c000 rw-p 00011000 08:06 1678                       /usr/lib/x86_64-linux-gnu/libXext.so.6.4.0
7fe09f65c000-7fe09f68b000 r-xp 00000000 08:06 1060357                    /lib/x86_64-linux-gnu/libexpat.so.1.6.7
7fe09f68b000-7fe09f88b000 ---p 0002f000 08:06 1060357                    /lib/x86_64-linux-gnu/libexpat.so.1.6.7
7fe09f88b000-7fe09f88d000 r--p 0002f000 08:06 1060357                    /lib/x86_64-linux-gnu/libexpat.so.1.6.7
7fe09f88d000-7fe09f88e000 rw-p 00031000 08:06 1060357                    /lib/x86_64-linux-gnu/libexpat.so.1.6.7
7fe09f88e000-7fe09f897000 r-xp 00000000 08:06 12603                      /usr/lib/x86_64-linux-gnu/libXrender.so.1.3.0
7fe09f897000-7fe09fa96000 ---p 00009000 08:06 12603                      /usr/lib/x86_64-linux-gnu/libXrender.so.1.3.0
7fe09fa96000-7fe09fa97000 r--p 00008000 08:06 12603                      /usr/lib/x86_64-linux-gnu/libXrender.so.1.3.0
7fe09fa97000-7fe09fa98000 rw-p 00009000 08:06 12603                      /usr/lib/x86_64-linux-gnu/libXrender.so.1.3.0
7fe09fa98000-7fe09fb45000 r-xp 00000000 08:06 23519                      /usr/lib/x86_64-linux-gnu/libfreetype.so.6.15.0
7fe09fb45000-7fe09fd44000 ---p 000ad000 08:06 23519                      /usr/lib/x86_64-linux-gnu/libfreetype.so.6.15.0
7fe09fd44000-7fe09fd4b000 r--p 000ac000 08:06 23519                      /usr/lib/x86_64-linux-gnu/libfreetype.so.6.15.0
7fe09fd4b000-7fe09fd4c000 rw-p 000b3000 08:06 23519                      /usr/lib/x86_64-linux-gnu/libfreetype.so.6.15.0
7fe09fd4c000-7fe09fd72000 r-xp 00000000 08:06 1451                       /usr/lib/x86_64-linux-gnu/libxcb.so.1.1.0
7fe09fd72000-7fe09ff72000 ---p 00026000 08:06 1451                       /usr/lib/x86_64-linux-gnu/libxcb.so.1.1.0
7fe09ff72000-7fe09ff73000 r--p 00026000 08:06 1451                       /usr/lib/x86_64-linux-gnu/libxcb.so.1.1.0
7fe09ff73000-7fe09ff74000 rw-p 00027000 08:06 1451                       /usr/lib/x86_64-linux-gnu/libxcb.so.1.1.0
7fe09ff74000-7fe09ff76000 r-xp 00000000 08:06 3253                       /usr/lib/x86_64-linux-gnu/libXss.so.1.0.0
7fe09ff76000-7fe0a0176000 ---p 00002000 08:06 3253                       /usr/lib/x86_64-linux-gnu/libXss.so.1.0.0
7fe0a0176000-7fe0a0177000 r--p 00002000 08:06 3253                       /usr/lib/x86_64-linux-gnu/libXss.so.1.0.0
7fe0a0177000-7fe0a0178000 rw-p 00003000 08:06 3253                       /usr/lib/x86_64-linux-gnu/libXss.so.1.0.0
7fe0a0178000-7fe0a01b6000 r-xp 00000000 08:06 8631                       /usr/lib/x86_64-linux-gnu/libfontconfig.so.1.10.1
7fe0a01b6000-7fe0a03b6000 ---p 0003e000 08:06 8631                       /usr/lib/x86_64-linux-gnu/libfontconfig.so.1.10.1
7fe0a03b6000-7fe0a03b8000 r--p 0003e000 08:06 8631                       /usr/lib/x86_64-linux-gnu/libfontconfig.so.1.10.1
7fe0a03b8000-7fe0a03bd000 rw-p 00040000 08:06 8631                       /usr/lib/x86_64-linux-gnu/libfontconfig.so.1.10.1
7fe0a03bd000-7fe0a03d1000 r-xp 00000000 08:06 5842                       /usr/lib/x86_64-linux-gnu/libXft.so.2.3.2
7fe0a03d1000-7fe0a05d0000 ---p 00014000 08:06 5842                       /usr/lib/x86_64-linux-gnu/libXft.so.2.3.2
7fe0a05d0000-7fe0a05d1000 r--p 00013000 08:06 5842                       /usr/lib/x86_64-linux-gnu/libXft.so.2.3.2
7fe0a05d1000-7fe0a05d2000 rw-p 00014000 08:06 5842                       /usr/lib/x86_64-linux-gnu/libXft.so.2.3.2
7fe0a05d2000-7fe0a0705000 r-xp 00000000 08:06 700                        /usr/lib/x86_64-linux-gnu/libX11.so.6.3.0
7fe0a0705000-7fe0a0905000 ---p 00133000 08:06 700                        /usr/lib/x86_64-linux-gnu/libX11.so.6.3.0
7fe0a0905000-7fe0a0906000 r--p 00133000 08:06 700                        /usr/lib/x86_64-linux-gnu/libX11.so.6.3.0
7fe0a0906000-7fe0a090a000 rw-p 00134000 08:06 700                        /usr/lib/x86_64-linux-gnu/libX11.so.6.3.0
7fe0a090a000-7fe0a0aac000 r-xp 00000000 08:06 688                        /usr/lib/x86_64-linux-gnu/libtcl8.6.so
7fe0a0aac000-7fe0a0cab000 ---p 001a2000 08:06 688                        /usr/lib/x86_64-linux-gnu/libtcl8.6.so
7fe0a0cab000-7fe0a0cb9000 r--p 001a1000 08:06 688                        /usr/lib/x86_64-linux-gnu/libtcl8.6.so
7fe0a0cb9000-7fe0a0cba000 rw-p 001af000 08:06 688                        /usr/lib/x86_64-linux-gnu/libtcl8.6.so
7fe0a0cba000-7fe0a0cbb000 rw-p 00000000 00:00 0 
7fe0a0cbb000-7fe0a0df7000 r-xp 00000000 08:06 3138                       /usr/lib/x86_64-linux-gnu/libtk8.6.so
7fe0a0df7000-7fe0a0ff7000 ---p 0013c000 08:06 3138                       /usr/lib/x86_64-linux-gnu/libtk8.6.so
7fe0a0ff7000-7fe0a100c000 r--p 0013c000 08:06 3138                       /usr/lib/x86_64-linux-gnu/libtk8.6.so
7fe0a100c000-7fe0a1015000 rw-p 00151000 08:06 3138                       /usr/lib/x86_64-linux-gnu/libtk8.6.so
7fe0a1015000-7fe0a115a000 r-xp 00000000 08:06 39                         /usr/lib/libBLT.2.5.so.8.6
7fe0a115a000-7fe0a135a000 ---p 00145000 08:06 39                         /usr/lib/libBLT.2.5.so.8.6
7fe0a135a000-7fe0a135b000 r--p 00145000 08:06 39                         /usr/lib/libBLT.2.5.so.8.6
7fe0a135b000-7fe0a137c000 rw-p 00146000 08:06 39                         /usr/lib/libBLT.2.5.so.8.6
7fe0a137c000-7fe0a137d000 rw-p 00000000 00:00 0 
7fe0a137d000-7fe0a138a000 r-xp 00000000 08:06 6027                       /usr/lib/python2.7/lib-dynload/_tkinter.so
7fe0a138a000-7fe0a158a000 ---p 0000d000 08:06 6027                       /usr/lib/python2.7/lib-dynload/_tkinter.so
7fe0a158a000-7fe0a158b000 r--p 0000d000 08:06 6027                       /usr/lib/python2.7/lib-dynload/_tkinter.so
7fe0a158b000-7fe0a158d000 rw-p 0000e000 08:06 6027                       /usr/lib/python2.7/lib-dynload/_tkinter.so
7fe0a158d000-7fe0a160d000 rw-p 00000000 00:00 0 
7fe0a160d000-7fe0a1611000 r-xp 00000000 08:06 7230                       /usr/lib/python2.7/lib-dynload/termios.x86_64-linux-gnu.so
7fe0a1611000-7fe0a1810000 ---p 00004000 08:06 7230                       /usr/lib/python2.7/lib-dynload/termios.x86_64-linux-gnu.so
7fe0a1810000-7fe0a1811000 r--p 00003000 08:06 7230                       /usr/lib/python2.7/lib-dynload/termios.x86_64-linux-gnu.so
7fe0a1811000-7fe0a1813000 rw-p 00004000 08:06 7230                       /usr/lib/python2.7/lib-dynload/termios.x86_64-linux-gnu.so
7fe0a1813000-7fe0a1893000 rw-p 00000000 00:00 0 
7fe0a1893000-7fe0a18e7000 r-xp 00000000 08:09 1576394                    /home/kong/.local/lib/python2.7/site-packages/nacl/_sodium.so
7fe0a18e7000-7fe0a1ae6000 ---p 00054000 08:09 1576394                    /home/kong/.local/lib/python2.7/site-packages/nacl/_sodium.so
7fe0a1ae6000-7fe0a1ae9000 rw-p 00053000 08:09 1576394                    /home/kong/.local/lib/python2.7/site-packages/nacl/_sodium.so
7fe0a1ae9000-7fe0a1af0000 r-xp 00000000 08:09 2629207                    /home/kong/.local/lib/python2.7/site-packages/.libs_cffi_backend/libffi-45372312.so.6.0.4
7fe0a1af0000-7fe0a1cf0000 ---p 00007000 08:09 2629207                    /home/kong/.local/lib/python2.7/site-packages/.libs_cffi_backend/libffi-45372312.so.6.0.4
7fe0a1cf0000-7fe0a1cf1000 rw-p 00007000 08:09 2629207                    /home/kong/.local/lib/python2.7/site-packages/.libs_cffi_backend/libffi-45372312.so.6.0.4
7fe0a1cf1000-7fe0a1cf2000 rw-p 00024000 08:09 2629207                    /home/kong/.local/lib/python2.7/site-packages/.libs_cffi_backend/libffi-45372312.so.6.0.4
7fe0a1cf2000-7fe0a1d1b000 r-xp 00000000 08:09 2363989                    /home/kong/.local/lib/python2.7/site-packages/_cffi_backend.so
7fe0a1d1b000-7fe0a1f1a000 ---p 00029000 08:09 2363989                    /home/kong/.local/lib/python2.7/site-packages/_cffi_backend.so
7fe0a1f1a000-7fe0a1f20000 rw-p 00028000 08:09 2363989                    /home/kong/.local/lib/python2.7/site-packages/_cffi_backend.so
7fe0a1f20000-7fe0a1f23000 rw-p 00000000 00:00 0 
7fe0a1f23000-7fe0a1f27000 rw-p 000bc000 08:09 2363989                    /home/kong/.local/lib/python2.7/site-packages/_cffi_backend.so
7fe0a1f27000-7fe0a1f30000 r-xp 00000000 08:09 1576542                    /home/kong/.local/lib/python2.7/site-packages/bcrypt/_bcrypt.so
7fe0a1f30000-7fe0a212f000 ---p 00009000 08:09 1576542                    /home/kong/.local/lib/python2.7/site-packages/bcrypt/_bcrypt.so
7fe0a212f000-7fe0a2130000 rw-p 00008000 08:09 1576542                    /home/kong/.local/lib/python2.7/site-packages/bcrypt/_bcrypt.so
7fe0a2130000-7fe0a2830000 rw-p 00000000 00:00 0 
7fe0a2830000-7fe0a28a3000 r-xp 00000000 08:06 815974                     /usr/local/lib/python2.7/dist-packages/JPype1-0.6.3-py2.7-linux-x86_64.egg/_jpype.so
7fe0a28a3000-7fe0a2aa3000 ---p 00073000 08:06 815974                     /usr/local/lib/python2.7/dist-packages/JPype1-0.6.3-py2.7-linux-x86_64.egg/_jpype.so
7fe0a2aa3000-7fe0a2aa5000 r--p 00073000 08:06 815974                     /usr/local/lib/python2.7/dist-packages/JPype1-0.6.3-py2.7-linux-x86_64.egg/_jpype.so
7fe0a2aa5000-7fe0a2aa8000 rw-p 00075000 08:06 815974                     /usr/local/lib/python2.7/dist-packages/JPype1-0.6.3-py2.7-linux-x86_64.egg/_jpype.so
7fe0a2aa8000-7fe0a2c68000 rw-p 00000000 00:00 0 
7fe0a2c68000-7fe0a2c71000 r-xp 00000000 08:06 1061173                    /lib/x86_64-linux-gnu/libcrypt-2.27.so
7fe0a2c71000-7fe0a2e70000 ---p 00009000 08:06 1061173                    /lib/x86_64-linux-gnu/libcrypt-2.27.so
7fe0a2e70000-7fe0a2e71000 r--p 00008000 08:06 1061173                    /lib/x86_64-linux-gnu/libcrypt-2.27.so
7fe0a2e71000-7fe0a2e72000 rw-p 00009000 08:06 1061173                    /lib/x86_64-linux-gnu/libcrypt-2.27.so
7fe0a2e72000-7fe0a2ea0000 rw-p 00000000 00:00 0 
7fe0a2ea0000-7fe0a2ee6000 r-xp 00000000 08:06 25764                      /usr/lib/x86_64-linux-gnu/libhx509.so.5.0.0
7fe0a2ee6000-7fe0a30e5000 ---p 00046000 08:06 25764                      /usr/lib/x86_64-linux-gnu/libhx509.so.5.0.0
7fe0a30e5000-7fe0a30e8000 r--p 00045000 08:06 25764                      /usr/lib/x86_64-linux-gnu/libhx509.so.5.0.0
7fe0a30e8000-7fe0a30e9000 rw-p 00048000 08:06 25764                      /usr/lib/x86_64-linux-gnu/libhx509.so.5.0.0
7fe0a30e9000-7fe0a30ea000 rw-p 00000000 00:00 0 
7fe0a30ea000-7fe0a30f8000 r-xp 00000000 08:06 12377                      /usr/lib/x86_64-linux-gnu/libheimbase.so.1.0.0
7fe0a30f8000-7fe0a32f7000 ---p 0000e000 08:06 12377                      /usr/lib/x86_64-linux-gnu/libheimbase.so.1.0.0
7fe0a32f7000-7fe0a32f8000 r--p 0000d000 08:06 12377                      /usr/lib/x86_64-linux-gnu/libheimbase.so.1.0.0
7fe0a32f8000-7fe0a32f9000 rw-p 0000e000 08:06 12377                      /usr/lib/x86_64-linux-gnu/libheimbase.so.1.0.0
7fe0a32f9000-7fe0a3321000 r-xp 00000000 08:06 1743                       /usr/lib/x86_64-linux-gnu/libwind.so.0.0.0
7fe0a3321000-7fe0a3520000 ---p 00028000 08:06 1743                       /usr/lib/x86_64-linux-gnu/libwind.so.0.0.0
7fe0a3520000-7fe0a3521000 r--p 00027000 08:06 1743                       /usr/lib/x86_64-linux-gnu/libwind.so.0.0.0
7fe0a3521000-7fe0a3522000 rw-p 00028000 08:06 1743                       /usr/lib/x86_64-linux-gnu/libwind.so.0.0.0
7fe0a3522000-7fe0a3537000 r-xp 00000000 08:06 3793                       /usr/lib/x86_64-linux-gnu/libroken.so.18.1.0
7fe0a3537000-7fe0a3736000 ---p 00015000 08:06 3793                       /usr/lib/x86_64-linux-gnu/libroken.so.18.1.0
7fe0a3736000-7fe0a3737000 r--p 00014000 08:06 3793                       /usr/lib/x86_64-linux-gnu/libroken.so.18.1.0
7fe0a3737000-7fe0a3738000 rw-p 00015000 08:06 3793                       /usr/lib/x86_64-linux-gnu/libroken.so.18.1.0
7fe0a3738000-7fe0a376b000 r-xp 00000000 08:06 3525                       /usr/lib/x86_64-linux-gnu/libhcrypto.so.4.1.0
7fe0a376b000-7fe0a396a000 ---p 00033000 08:06 3525                       /usr/lib/x86_64-linux-gnu/libhcrypto.so.4.1.0
7fe0a396a000-7fe0a396c000 r--p 00032000 08:06 3525                       /usr/lib/x86_64-linux-gnu/libhcrypto.so.4.1.0
7fe0a396c000-7fe0a396d000 rw-p 00034000 08:06 3525                       /usr/lib/x86_64-linux-gnu/libhcrypto.so.4.1.0
7fe0a396d000-7fe0a396e000 rw-p 00000000 00:00 0 
7fe0a396e000-7fe0a3a0c000 r-xp 00000000 08:06 939                        /usr/lib/x86_64-linux-gnu/libasn1.so.8.0.0
7fe0a3a0c000-7fe0a3c0c000 ---p 0009e000 08:06 939                        /usr/lib/x86_64-linux-gnu/libasn1.so.8.0.0
7fe0a3c0c000-7fe0a3c0d000 r--p 0009e000 08:06 939                        /usr/lib/x86_64-linux-gnu/libasn1.so.8.0.0
7fe0a3c0d000-7fe0a3c10000 rw-p 0009f000 08:06 939                        /usr/lib/x86_64-linux-gnu/libasn1.so.8.0.0
7fe0a3c10000-7fe0a3c97000 r-xp 00000000 08:06 683                        /usr/lib/x86_64-linux-gnu/libkrb5.so.26.0.0
7fe0a3c97000-7fe0a3e96000 ---p 00087000 08:06 683                        /usr/lib/x86_64-linux-gnu/libkrb5.so.26.0.0
7fe0a3e96000-7fe0a3e9a000 r--p 00086000 08:06 683                        /usr/lib/x86_64-linux-gnu/libkrb5.so.26.0.0
7fe0a3e9a000-7fe0a3e9c000 rw-p 0008a000 08:06 683                        /usr/lib/x86_64-linux-gnu/libkrb5.so.26.0.0
7fe0a3e9c000-7fe0a3e9d000 rw-p 00000000 00:00 0 
7fe0a3e9d000-7fe0a3ea5000 r-xp 00000000 08:06 2177                       /usr/lib/x86_64-linux-gnu/libheimntlm.so.0.1.0
7fe0a3ea5000-7fe0a40a4000 ---p 00008000 08:06 2177                       /usr/lib/x86_64-linux-gnu/libheimntlm.so.0.1.0
7fe0a40a4000-7fe0a40a5000 r--p 00007000 08:06 2177                       /usr/lib/x86_64-linux-gnu/libheimntlm.so.0.1.0
7fe0a40a5000-7fe0a40a6000 rw-p 00008000 08:06 2177                       /usr/lib/x86_64-linux-gnu/libheimntlm.so.0.1.0
7fe0a40a6000-7fe0a40a9000 r-xp 00000000 08:06 1048634                    /lib/x86_64-linux-gnu/libkeyutils.so.1.5
7fe0a40a9000-7fe0a42a8000 ---p 00003000 08:06 1048634                    /lib/x86_64-linux-gnu/libkeyutils.so.1.5
7fe0a42a8000-7fe0a42a9000 r--p 00002000 08:06 1048634                    /lib/x86_64-linux-gnu/libkeyutils.so.1.5
7fe0a42a9000-7fe0a42aa000 rw-p 00003000 08:06 1048634                    /lib/x86_64-linux-gnu/libkeyutils.so.1.5
7fe0a42aa000-7fe0a42be000 r-xp 00000000 08:06 1050459                    /lib/x86_64-linux-gnu/libgpg-error.so.0.22.0
7fe0a42be000-7fe0a44bd000 ---p 00014000 08:06 1050459                    /lib/x86_64-linux-gnu/libgpg-error.so.0.22.0
7fe0a44bd000-7fe0a44be000 r--p 00013000 08:06 1050459                    /lib/x86_64-linux-gnu/libgpg-error.so.0.22.0
7fe0a44be000-7fe0a44bf000 rw-p 00014000 08:06 1050459                    /lib/x86_64-linux-gnu/libgpg-error.so.0.22.0
7fe0a44bf000-7fe0a44fc000 r-xp 00000000 08:06 7122                       /usr/lib/x86_64-linux-gnu/libgssapi.so.3.0.0
7fe0a44fc000-7fe0a46fc000 ---p 0003d000 08:06 7122                       /usr/lib/x86_64-linux-gnu/libgssapi.so.3.0.0
7fe0a46fc000-7fe0a46fe000 r--p 0003d000 08:06 7122                       /usr/lib/x86_64-linux-gnu/libgssapi.so.3.0.0
7fe0a46fe000-7fe0a4700000 rw-p 0003f000 08:06 7122                       /usr/lib/x86_64-linux-gnu/libgssapi.so.3.0.0
7fe0a4700000-7fe0a4717000 r-xp 00000000 08:06 1061187                    /lib/x86_64-linux-gnu/libresolv-2.27.so
7fe0a4717000-7fe0a4917000 ---p 00017000 08:06 1061187                    /lib/x86_64-linux-gnu/libresolv-2.27.so
7fe0a4917000-7fe0a4918000 r--p 00017000 08:06 1061187                    /lib/x86_64-linux-gnu/libresolv-2.27.so
7fe0a4918000-7fe0a4919000 rw-p 00018000 08:06 1061187                    /lib/x86_64-linux-gnu/libresolv-2.27.so
7fe0a4919000-7fe0a491b000 rw-p 00000000 00:00 0 
7fe0a491b000-7fe0a4925000 r-xp 00000000 08:06 25741                      /usr/lib/x86_64-linux-gnu/libkrb5support.so.0.1
7fe0a4925000-7fe0a4b24000 ---p 0000a000 08:06 25741                      /usr/lib/x86_64-linux-gnu/libkrb5support.so.0.1
7fe0a4b24000-7fe0a4b25000 r--p 00009000 08:06 25741                      /usr/lib/x86_64-linux-gnu/libkrb5support.so.0.1
7fe0a4b25000-7fe0a4b26000 rw-p 0000a000 08:06 25741                      /usr/lib/x86_64-linux-gnu/libkrb5support.so.0.1
7fe0a4b26000-7fe0a4b29000 r-xp 00000000 08:06 1062145                    /lib/x86_64-linux-gnu/libcom_err.so.2.1
7fe0a4b29000-7fe0a4d28000 ---p 00003000 08:06 1062145                    /lib/x86_64-linux-gnu/libcom_err.so.2.1
7fe0a4d28000-7fe0a4d29000 r--p 00002000 08:06 1062145                    /lib/x86_64-linux-gnu/libcom_err.so.2.1
7fe0a4d29000-7fe0a4d2a000 rw-p 00003000 08:06 1062145                    /lib/x86_64-linux-gnu/libcom_err.so.2.1
7fe0a4d2a000-7fe0a4d58000 r-xp 00000000 08:06 23763                      /usr/lib/x86_64-linux-gnu/libk5crypto.so.3.1
7fe0a4d58000-7fe0a4f58000 ---p 0002e000 08:06 23763                      /usr/lib/x86_64-linux-gnu/libk5crypto.so.3.1
7fe0a4f58000-7fe0a4f5a000 r--p 0002e000 08:06 23763                      /usr/lib/x86_64-linux-gnu/libk5crypto.so.3.1
7fe0a4f5a000-7fe0a4f5b000 rw-p 00030000 08:06 23763                      /usr/lib/x86_64-linux-gnu/libk5crypto.so.3.1
7fe0a4f5b000-7fe0a4f5c000 rw-p 00000000 00:00 0 
7fe0a4f5c000-7fe0a5022000 r-xp 00000000 08:06 6494                       /usr/lib/x86_64-linux-gnu/libkrb5.so.3.3
7fe0a5022000-7fe0a5222000 ---p 000c6000 08:06 6494                       /usr/lib/x86_64-linux-gnu/libkrb5.so.3.3
7fe0a5222000-7fe0a5230000 r--p 000c6000 08:06 6494                       /usr/lib/x86_64-linux-gnu/libkrb5.so.3.3
7fe0a5230000-7fe0a5232000 rw-p 000d4000 08:06 6494                       /usr/lib/x86_64-linux-gnu/libkrb5.so.3.3
7fe0a5232000-7fe0a5346000 r-xp 00000000 08:06 1050583                    /lib/x86_64-linux-gnu/libgcrypt.so.20.2.1
7fe0a5346000-7fe0a5545000 ---p 00114000 08:06 1050583                    /lib/x86_64-linux-gnu/libgcrypt.so.20.2.1
7fe0a5545000-7fe0a5547000 r--p 00113000 08:06 1050583                    /lib/x86_64-linux-gnu/libgcrypt.so.20.2.1
7fe0a5547000-7fe0a554c000 rw-p 00115000 08:06 1050583                    /lib/x86_64-linux-gnu/libgcrypt.so.20.2.1
7fe0a554c000-7fe0a554d000 rw-p 00000000 00:00 0 
7fe0a554d000-7fe0a5568000 r-xp 00000000 08:06 327                        /usr/lib/x86_64-linux-gnu/liblz4.so.1.7.1
7fe0a5568000-7fe0a5767000 ---p 0001b000 08:06 327                        /usr/lib/x86_64-linux-gnu/liblz4.so.1.7.1
7fe0a5767000-7fe0a5768000 r--p 0001a000 08:06 327                        /usr/lib/x86_64-linux-gnu/liblz4.so.1.7.1
7fe0a5768000-7fe0a5769000 rw-p 0001b000 08:06 327                        /usr/lib/x86_64-linux-gnu/liblz4.so.1.7.1
7fe0a5769000-7fe0a5780000 r-xp 00000000 08:06 1048763                    /lib/x86_64-linux-gnu/libgcc_s.so.1
7fe0a5780000-7fe0a597f000 ---p 00017000 08:06 1048763                    /lib/x86_64-linux-gnu/libgcc_s.so.1
7fe0a597f000-7fe0a5980000 r--p 00016000 08:06 1048763                    /lib/x86_64-linux-gnu/libgcc_s.so.1
7fe0a5980000-7fe0a5981000 rw-p 00017000 08:06 1048763                    /lib/x86_64-linux-gnu/libgcc_s.so.1
7fe0a5981000-7fe0a5aff000 r-xp 00000000 08:06 374                        /usr/lib/x86_64-linux-gnu/libstdc++.so.6.0.25
7fe0a5aff000-7fe0a5cff000 ---p 0017e000 08:06 374                        /usr/lib/x86_64-linux-gnu/libstdc++.so.6.0.25
7fe0a5cff000-7fe0a5d09000 r--p 0017e000 08:06 374                        /usr/lib/x86_64-linux-gnu/libstdc++.so.6.0.25
7fe0a5d09000-7fe0a5d0b000 rw-p 00188000 08:06 374                        /usr/lib/x86_64-linux-gnu/libstdc++.so.6.0.25
7fe0a5d0b000-7fe0a5d0f000 rw-p 00000000 00:00 0 
7fe0a5d0f000-7fe0a76b7000 r-xp 00000000 08:06 9291                       /usr/lib/x86_64-linux-gnu/libicudata.so.60.2
7fe0a76b7000-7fe0a78b6000 ---p 019a8000 08:06 9291                       /usr/lib/x86_64-linux-gnu/libicudata.so.60.2
7fe0a78b6000-7fe0a78b7000 r--p 019a7000 08:06 9291                       /usr/lib/x86_64-linux-gnu/libicudata.so.60.2
7fe0a78b7000-7fe0a78b8000 rw-p 019a8000 08:06 9291                       /usr/lib/x86_64-linux-gnu/libicudata.so.60.2
7fe0a78b8000-7fe0a78bf000 r-xp 00000000 08:06 1061188                    /lib/x86_64-linux-gnu/librt-2.27.so
7fe0a78bf000-7fe0a7abe000 ---p 00007000 08:06 1061188                    /lib/x86_64-linux-gnu/librt-2.27.so
7fe0a7abe000-7fe0a7abf000 r--p 00006000 08:06 1061188                    /lib/x86_64-linux-gnu/librt-2.27.so
7fe0a7abf000-7fe0a7ac0000 rw-p 00007000 08:06 1061188                    /lib/x86_64-linux-gnu/librt-2.27.so
7fe0a7ac0000-7fe0a7acd000 r-xp 00000000 08:06 236                        /usr/lib/x86_64-linux-gnu/liblber-2.4.so.2.10.8
7fe0a7acd000-7fe0a7ccc000 ---p 0000d000 08:06 236                        /usr/lib/x86_64-linux-gnu/liblber-2.4.so.2.10.8
7fe0a7ccc000-7fe0a7ccd000 r--p 0000c000 08:06 236                        /usr/lib/x86_64-linux-gnu/liblber-2.4.so.2.10.8
7fe0a7ccd000-7fe0a7cce000 rw-p 0000d000 08:06 236                        /usr/lib/x86_64-linux-gnu/liblber-2.4.so.2.10.8
7fe0a7cce000-7fe0a7d1c000 r-xp 00000000 08:06 239                        /usr/lib/x86_64-linux-gnu/libldap_r-2.4.so.2.10.8
7fe0a7d1c000-7fe0a7f1b000 ---p 0004e000 08:06 239                        /usr/lib/x86_64-linux-gnu/libldap_r-2.4.so.2.10.8
7fe0a7f1b000-7fe0a7f1d000 r--p 0004d000 08:06 239                        /usr/lib/x86_64-linux-gnu/libldap_r-2.4.so.2.10.8
7fe0a7f1d000-7fe0a7f1e000 rw-p 0004f000 08:06 239                        /usr/lib/x86_64-linux-gnu/libldap_r-2.4.so.2.10.8
7fe0a7f1e000-7fe0a7f20000 rw-p 00000000 00:00 0 
7fe0a7f20000-7fe0a7f68000 r-xp 00000000 08:06 11668                      /usr/lib/x86_64-linux-gnu/libgssapi_krb5.so.2.2
7fe0a7f68000-7fe0a8167000 ---p 00048000 08:06 11668                      /usr/lib/x86_64-linux-gnu/libgssapi_krb5.so.2.2
7fe0a8167000-7fe0a8169000 r--p 00047000 08:06 11668                      /usr/lib/x86_64-linux-gnu/libgssapi_krb5.so.2.2
7fe0a8169000-7fe0a816b000 rw-p 00049000 08:06 11668                      /usr/lib/x86_64-linux-gnu/libgssapi_krb5.so.2.2
7fe0a816b000-7fe0a8178000 r-xp 00000000 08:06 1438                       /usr/lib/x86_64-linux-gnu/libpsl.so.5.2.0
7fe0a8178000-7fe0a8377000 ---p 0000d000 08:06 1438                       /usr/lib/x86_64-linux-gnu/libpsl.so.5.2.0
7fe0a8377000-7fe0a8378000 r--p 0000c000 08:06 1438                       /usr/lib/x86_64-linux-gnu/libpsl.so.5.2.0
7fe0a8378000-7fe0a8379000 rw-p 0000d000 08:06 1438                       /usr/lib/x86_64-linux-gnu/libpsl.so.5.2.0
7fe0a8379000-7fe0a8394000 r-xp 00000000 08:06 25423                      /usr/lib/x86_64-linux-gnu/librtmp.so.1
7fe0a8394000-7fe0a8593000 ---p 0001b000 08:06 25423                      /usr/lib/x86_64-linux-gnu/librtmp.so.1
7fe0a8593000-7fe0a8594000 r--p 0001a000 08:06 25423                      /usr/lib/x86_64-linux-gnu/librtmp.so.1
7fe0a8594000-7fe0a8595000 rw-p 0001b000 08:06 25423                      /usr/lib/x86_64-linux-gnu/librtmp.so.1
7fe0a8595000-7fe0a85b8000 r-xp 00000000 08:06 10827                      /usr/lib/x86_64-linux-gnu/libnghttp2.so.14.15.2
7fe0a85b8000-7fe0a87b7000 ---p 00023000 08:06 10827                      /usr/lib/x86_64-linux-gnu/libnghttp2.so.14.15.2
7fe0a87b7000-7fe0a87b8000 r--p 00022000 08:06 10827                      /usr/lib/x86_64-linux-gnu/libnghttp2.so.14.15.2
7fe0a87b8000-7fe0a87ba000 rw-p 00023000 08:06 10827                      /usr/lib/x86_64-linux-gnu/libnghttp2.so.14.15.2
7fe0a87ba000-7fe0a8839000 r-xp 00000000 08:06 11989                      /usr/lib/x86_64-linux-gnu/libgmp.so.10.3.2
7fe0a8839000-7fe0a8a39000 ---p 0007f000 08:06 11989                      /usr/lib/x86_64-linux-gnu/libgmp.so.10.3.2
7fe0a8a39000-7fe0a8a3a000 r--p 0007f000 08:06 11989                      /usr/lib/x86_64-linux-gnu/libgmp.so.10.3.2
7fe0a8a3a000-7fe0a8a3b000 rw-p 00080000 08:06 11989                      /usr/lib/x86_64-linux-gnu/libgmp.so.10.3.2
7fe0a8a3b000-7fe0a8a6e000 r-xp 00000000 08:06 11573                      /usr/lib/x86_64-linux-gnu/libhogweed.so.4.4
7fe0a8a6e000-7fe0a8c6d000 ---p 00033000 08:06 11573                      /usr/lib/x86_64-linux-gnu/libhogweed.so.4.4
7fe0a8c6d000-7fe0a8c6e000 r--p 00032000 08:06 11573                      /usr/lib/x86_64-linux-gnu/libhogweed.so.4.4
7fe0a8c6e000-7fe0a8c6f000 rw-p 00033000 08:06 11573                      /usr/lib/x86_64-linux-gnu/libhogweed.so.4.4
7fe0a8c6f000-7fe0a8ca3000 r-xp 00000000 08:06 8664                       /usr/lib/x86_64-linux-gnu/libnettle.so.6.4
7fe0a8ca3000-7fe0a8ea2000 ---p 00034000 08:06 8664                       /usr/lib/x86_64-linux-gnu/libnettle.so.6.4
7fe0a8ea2000-7fe0a8ea4000 r--p 00033000 08:06 8664                       /usr/lib/x86_64-linux-gnu/libnettle.so.6.4
7fe0a8ea4000-7fe0a8ea5000 rw-p 00035000 08:06 8664                       /usr/lib/x86_64-linux-gnu/libnettle.so.6.4
7fe0a8ea5000-7fe0a8eb6000 r-xp 00000000 08:06 23529                      /usr/lib/x86_64-linux-gnu/libtasn1.so.6.5.5
7fe0a8eb6000-7fe0a90b6000 ---p 00011000 08:06 23529                      /usr/lib/x86_64-linux-gnu/libtasn1.so.6.5.5
7fe0a90b6000-7fe0a90b7000 r--p 00011000 08:06 23529                      /usr/lib/x86_64-linux-gnu/libtasn1.so.6.5.5
7fe0a90b7000-7fe0a90b8000 rw-p 00012000 08:06 23529                      /usr/lib/x86_64-linux-gnu/libtasn1.so.6.5.5
7fe0a90b8000-7fe0a9232000 r-xp 00000000 08:06 8660                       /usr/lib/x86_64-linux-gnu/libunistring.so.2.1.0
7fe0a9232000-7fe0a9432000 ---p 0017a000 08:06 8660                       /usr/lib/x86_64-linux-gnu/libunistring.so.2.1.0
7fe0a9432000-7fe0a9435000 r--p 0017a000 08:06 8660                       /usr/lib/x86_64-linux-gnu/libunistring.so.2.1.0
7fe0a9435000-7fe0a9436000 rw-p 0017d000 08:06 8660                       /usr/lib/x86_64-linux-gnu/libunistring.so.2.1.0
7fe0a9436000-7fe0a9452000 r-xp 00000000 08:06 2046                       /usr/lib/x86_64-linux-gnu/libidn2.so.0.3.3
7fe0a9452000-7fe0a9651000 ---p 0001c000 08:06 2046                       /usr/lib/x86_64-linux-gnu/libidn2.so.0.3.3
7fe0a9651000-7fe0a9652000 r--p 0001b000 08:06 2046                       /usr/lib/x86_64-linux-gnu/libidn2.so.0.3.3
7fe0a9652000-7fe0a9653000 rw-p 0001c000 08:06 2046                       /usr/lib/x86_64-linux-gnu/libidn2.so.0.3.3
7fe0a9653000-7fe0a976d000 r-xp 00000000 08:06 10020                      /usr/lib/x86_64-linux-gnu/libp11-kit.so.0.3.0
7fe0a976d000-7fe0a996d000 ---p 0011a000 08:06 10020                      /usr/lib/x86_64-linux-gnu/libp11-kit.so.0.3.0
7fe0a996d000-7fe0a9977000 r--p 0011a000 08:06 10020                      /usr/lib/x86_64-linux-gnu/libp11-kit.so.0.3.0
7fe0a9977000-7fe0a9981000 rw-p 00124000 08:06 10020                      /usr/lib/x86_64-linux-gnu/libp11-kit.so.0.3.0
7fe0a9981000-7fe0a9982000 rw-p 00000000 00:00 0 
7fe0a9982000-7fe0a9a02000 r-xp 00000000 08:06 1049005                    /lib/x86_64-linux-gnu/libsystemd.so.0.21.0
7fe0a9a02000-7fe0a9c01000 ---p 00080000 08:06 1049005                    /lib/x86_64-linux-gnu/libsystemd.so.0.21.0
7fe0a9c01000-7fe0a9c04000 r--p 0007f000 08:06 1049005                    /lib/x86_64-linux-gnu/libsystemd.so.0.21.0
7fe0a9c04000-7fe0a9c05000 rw-p 00082000 08:06 1049005                    /lib/x86_64-linux-gnu/libsystemd.so.0.21.0
7fe0a9c05000-7fe0a9c06000 rw-p 00000000 00:00 0 
7fe0a9c06000-7fe0a9c2a000 r-xp 00000000 08:06 1050461                    /lib/x86_64-linux-gnu/liblzma.so.5.2.2
7fe0a9c2a000-7fe0a9e2a000 ---p 00024000 08:06 1050461                    /lib/x86_64-linux-gnu/liblzma.so.5.2.2
7fe0a9e2a000-7fe0a9e2b000 r--p 00024000 08:06 1050461                    /lib/x86_64-linux-gnu/liblzma.so.5.2.2
7fe0a9e2b000-7fe0a9e2c000 rw-p 00025000 08:06 1050461                    /lib/x86_64-linux-gnu/liblzma.so.5.2.2
7fe0a9e2c000-7fe0a9fcf000 r-xp 00000000 08:06 23819                      /usr/lib/x86_64-linux-gnu/libicuuc.so.60.2
7fe0a9fcf000-7fe0aa1ce000 ---p 001a3000 08:06 23819                      /usr/lib/x86_64-linux-gnu/libicuuc.so.60.2
7fe0aa1ce000-7fe0aa1e1000 r--p 001a2000 08:06 23819                      /usr/lib/x86_64-linux-gnu/libicuuc.so.60.2
7fe0aa1e1000-7fe0aa1e2000 rw-p 001b5000 08:06 23819                      /usr/lib/x86_64-linux-gnu/libicuuc.so.60.2
7fe0aa1e2000-7fe0aa1e3000 rw-p 00000000 00:00 0 
7fe0aa1e3000-7fe0aa1e7000 r-xp 00000000 08:06 1050442                    /lib/x86_64-linux-gnu/libattr.so.1.1.0
7fe0aa1e7000-7fe0aa3e6000 ---p 00004000 08:06 1050442                    /lib/x86_64-linux-gnu/libattr.so.1.1.0
7fe0aa3e6000-7fe0aa3e7000 r--p 00003000 08:06 1050442                    /lib/x86_64-linux-gnu/libattr.so.1.1.0
7fe0aa3e7000-7fe0aa3e8000 rw-p 00004000 08:06 1050442                    /lib/x86_64-linux-gnu/libattr.so.1.1.0
7fe0aa3e8000-7fe0aa405000 r-xp 00000000 08:06 1048975                    /lib/x86_64-linux-gnu/libudev.so.1.6.9
7fe0aa405000-7fe0aa604000 ---p 0001d000 08:06 1048975                    /lib/x86_64-linux-gnu/libudev.so.1.6.9
7fe0aa604000-7fe0aa605000 r--p 0001c000 08:06 1048975                    /lib/x86_64-linux-gnu/libudev.so.1.6.9
7fe0aa605000-7fe0aa606000 rw-p 0001d000 08:06 1048975                    /lib/x86_64-linux-gnu/libudev.so.1.6.9
7fe0aa606000-7fe0aa62b000 r-xp 00000000 08:06 1053391                    /lib/x86_64-linux-gnu/libselinux.so.1
7fe0aa62b000-7fe0aa82a000 ---p 00025000 08:06 1053391                    /lib/x86_64-linux-gnu/libselinux.so.1
7fe0aa82a000-7fe0aa82b000 r--p 00024000 08:06 1053391                    /lib/x86_64-linux-gnu/libselinux.so.1
7fe0aa82b000-7fe0aa82c000 rw-p 00025000 08:06 1053391                    /lib/x86_64-linux-gnu/libselinux.so.1
7fe0aa82c000-7fe0aa82e000 rw-p 00000000 00:00 0 
7fe0aa82e000-7fe0aa83d000 r-xp 00000000 08:06 1048658                    /lib/x86_64-linux-gnu/libapparmor.so.1.4.2
7fe0aa83d000-7fe0aaa3c000 ---p 0000f000 08:06 1048658                    /lib/x86_64-linux-gnu/libapparmor.so.1.4.2
7fe0aaa3c000-7fe0aaa3d000 r--p 0000e000 08:06 1048658                    /lib/x86_64-linux-gnu/libapparmor.so.1.4.2
7fe0aaa3d000-7fe0aaa3e000 rw-p 0000f000 08:06 1048658                    /lib/x86_64-linux-gnu/libapparmor.so.1.4.2
7fe0aaa3e000-7fe0aaab7000 r-xp 00000000 08:06 21888                      /usr/lib/x86_64-linux-gnu/libcurl-gnutls.so.4.5.0
7fe0aaab7000-7fe0aacb7000 ---p 00079000 08:06 21888                      /usr/lib/x86_64-linux-gnu/libcurl-gnutls.so.4.5.0
7fe0aacb7000-7fe0aacba000 r--p 00079000 08:06 21888                      /usr/lib/x86_64-linux-gnu/libcurl-gnutls.so.4.5.0
7fe0aacba000-7fe0aacbb000 rw-p 0007c000 08:06 21888                      /usr/lib/x86_64-linux-gnu/libcurl-gnutls.so.4.5.0
7fe0aacbb000-7fe0aacd4000 r-xp 00000000 08:06 3540                       /usr/lib/x86_64-linux-gnu/libsasl2.so.2.0.25
7fe0aacd4000-7fe0aaed4000 ---p 00019000 08:06 3540                       /usr/lib/x86_64-linux-gnu/libsasl2.so.2.0.25
7fe0aaed4000-7fe0aaed5000 r--p 00019000 08:06 3540                       /usr/lib/x86_64-linux-gnu/libsasl2.so.2.0.25
7fe0aaed5000-7fe0aaed6000 rw-p 0001a000 08:06 3540                       /usr/lib/x86_64-linux-gnu/libsasl2.so.2.0.25
7fe0aaed6000-7fe0ab02d000 r-xp 00000000 08:06 3535                       /usr/lib/x86_64-linux-gnu/libgnutls.so.30.14.10
7fe0ab02d000-7fe0ab22d000 ---p 00157000 08:06 3535                       /usr/lib/x86_64-linux-gnu/libgnutls.so.30.14.10
7fe0ab22d000-7fe0ab239000 r--p 00157000 08:06 3535                       /usr/lib/x86_64-linux-gnu/libgnutls.so.30.14.10
7fe0ab239000-7fe0ab23a000 rw-p 00163000 08:06 3535                       /usr/lib/x86_64-linux-gnu/libgnutls.so.30.14.10
7fe0ab23a000-7fe0ab23b000 rw-p 00000000 00:00 0 
7fe0ab23b000-7fe0ab286000 r-xp 00000000 08:06 1048760                    /lib/x86_64-linux-gnu/libdbus-1.so.3.19.4
7fe0ab286000-7fe0ab486000 ---p 0004b000 08:06 1048760                    /lib/x86_64-linux-gnu/libdbus-1.so.3.19.4
7fe0ab486000-7fe0ab487000 r--p 0004b000 08:06 1048760                    /lib/x86_64-linux-gnu/libdbus-1.so.3.19.4
7fe0ab487000-7fe0ab488000 rw-p 0004c000 08:06 1048760                    /lib/x86_64-linux-gnu/libdbus-1.so.3.19.4
7fe0ab488000-7fe0ab497000 r-xp 00000000 08:06 10584                      /usr/lib/x86_64-linux-gnu/libavahi-client.so.3.2.9
7fe0ab497000-7fe0ab697000 ---p 0000f000 08:06 10584                      /usr/lib/x86_64-linux-gnu/libavahi-client.so.3.2.9
7fe0ab697000-7fe0ab698000 r--p 0000f000 08:06 10584                      /usr/lib/x86_64-linux-gnu/libavahi-client.so.3.2.9
7fe0ab698000-7fe0ab699000 rw-p 00010000 08:06 10584                      /usr/lib/x86_64-linux-gnu/libavahi-client.so.3.2.9
7fe0ab699000-7fe0ab6a4000 r-xp 00000000 08:06 12849                      /usr/lib/x86_64-linux-gnu/libavahi-common.so.3.5.3
7fe0ab6a4000-7fe0ab8a3000 ---p 0000b000 08:06 12849                      /usr/lib/x86_64-linux-gnu/libavahi-common.so.3.5.3
7fe0ab8a3000-7fe0ab8a4000 r--p 0000a000 08:06 12849                      /usr/lib/x86_64-linux-gnu/libavahi-common.so.3.5.3
7fe0ab8a4000-7fe0ab8a5000 rw-p 0000b000 08:06 12849                      /usr/lib/x86_64-linux-gnu/libavahi-common.so.3.5.3
7fe0ab8a5000-7fe0aba5b000 r-xp 00000000 08:06 4406                       /usr/lib/x86_64-linux-gnu/libxml2.so.2.9.4
7fe0aba5b000-7fe0abc5b000 ---p 001b6000 08:06 4406                       /usr/lib/x86_64-linux-gnu/libxml2.so.2.9.4
7fe0abc5b000-7fe0abc63000 r--p 001b6000 08:06 4406                       /usr/lib/x86_64-linux-gnu/libxml2.so.2.9.4
7fe0abc63000-7fe0abc65000 rw-p 001be000 08:06 4406                       /usr/lib/x86_64-linux-gnu/libxml2.so.2.9.4
7fe0abc65000-7fe0abc66000 rw-p 00000000 00:00 0 
7fe0abc66000-7fe0abc6d000 r-xp 00000000 08:06 1053936                    /lib/x86_64-linux-gnu/libacl.so.1.1.0
7fe0abc6d000-7fe0abe6c000 ---p 00007000 08:06 1053936                    /lib/x86_64-linux-gnu/libacl.so.1.1.0
7fe0abe6c000-7fe0abe6d000 r--p 00006000 08:06 1053936                    /lib/x86_64-linux-gnu/libacl.so.1.1.0
7fe0abe6d000-7fe0abe6e000 rw-p 00007000 08:06 1053936                    /lib/x86_64-linux-gnu/libacl.so.1.1.0
7fe0abe6e000-7fe0abe78000 r-xp 00000000 08:06 2827                       /usr/lib/x86_64-linux-gnu/libnuma.so.1.0.0
7fe0abe78000-7fe0ac077000 ---p 0000a000 08:06 2827                       /usr/lib/x86_64-linux-gnu/libnuma.so.1.0.0
7fe0ac077000-7fe0ac078000 r--p 00009000 08:06 2827                       /usr/lib/x86_64-linux-gnu/libnuma.so.1.0.0
7fe0ac078000-7fe0ac079000 rw-p 0000a000 08:06 2827                       /usr/lib/x86_64-linux-gnu/libnuma.so.1.0.0
7fe0ac079000-7fe0ac0df000 r-xp 00000000 08:06 1054380                    /lib/x86_64-linux-gnu/libdevmapper.so.1.02.1
7fe0ac0df000-7fe0ac2de000 ---p 00066000 08:06 1054380                    /lib/x86_64-linux-gnu/libdevmapper.so.1.02.1
7fe0ac2de000-7fe0ac2df000 r--p 00065000 08:06 1054380                    /lib/x86_64-linux-gnu/libdevmapper.so.1.02.1
7fe0ac2df000-7fe0ac2e3000 rw-p 00066000 08:06 1054380                    /lib/x86_64-linux-gnu/libdevmapper.so.1.02.1
7fe0ac2e3000-7fe0ac2e4000 rw-p 00000000 00:00 0 
7fe0ac2e4000-7fe0ac301000 r-xp 00000000 08:06 1062292                    /lib/x86_64-linux-gnu/libaudit.so.1.0.0
7fe0ac301000-7fe0ac501000 ---p 0001d000 08:06 1062292                    /lib/x86_64-linux-gnu/libaudit.so.1.0.0
7fe0ac501000-7fe0ac502000 r--p 0001d000 08:06 1062292                    /lib/x86_64-linux-gnu/libaudit.so.1.0.0
7fe0ac502000-7fe0ac503000 rw-p 0001e000 08:06 1062292                    /lib/x86_64-linux-gnu/libaudit.so.1.0.0
7fe0ac503000-7fe0ac50d000 rw-p 00000000 00:00 0 
7fe0ac50d000-7fe0ac52b000 r-xp 00000000 08:06 1048650                    /lib/x86_64-linux-gnu/libnl-3.so.200.24.0
7fe0ac52b000-7fe0ac72a000 ---p 0001e000 08:06 1048650                    /lib/x86_64-linux-gnu/libnl-3.so.200.24.0
7fe0ac72a000-7fe0ac72c000 r--p 0001d000 08:06 1048650                    /lib/x86_64-linux-gnu/libnl-3.so.200.24.0
7fe0ac72c000-7fe0ac72d000 rw-p 0001f000 08:06 1048650                    /lib/x86_64-linux-gnu/libnl-3.so.200.24.0
7fe0ac72d000-7fe0ac736000 r-xp 00000000 08:06 10458                      /usr/lib/x86_64-linux-gnu/libyajl.so.2.1.0
7fe0ac736000-7fe0ac935000 ---p 00009000 08:06 10458                      /usr/lib/x86_64-linux-gnu/libyajl.so.2.1.0
7fe0ac935000-7fe0ac936000 r--p 00008000 08:06 10458                      /usr/lib/x86_64-linux-gnu/libyajl.so.2.1.0
7fe0ac936000-7fe0ac937000 rw-p 00009000 08:06 10458                      /usr/lib/x86_64-linux-gnu/libyajl.so.2.1.0
7fe0ac937000-7fe0ac93b000 r-xp 00000000 08:06 1048613                    /lib/x86_64-linux-gnu/libcap-ng.so.0.0.0
7fe0ac93b000-7fe0acb3a000 ---p 00004000 08:06 1048613                    /lib/x86_64-linux-gnu/libcap-ng.so.0.0.0
7fe0acb3a000-7fe0acb3b000 r--p 00003000 08:06 1048613                    /lib/x86_64-linux-gnu/libcap-ng.so.0.0.0
7fe0acb3b000-7fe0acb3c000 rw-p 00004000 08:06 1048613                    /lib/x86_64-linux-gnu/libcap-ng.so.0.0.0
7fe0acb3c000-7fe0acefa000 r-xp 00000000 08:06 3218                       /usr/lib/x86_64-linux-gnu/libvirt.so.0.4000.0
7fe0acefa000-7fe0ad0fa000 ---p 003be000 08:06 3218                       /usr/lib/x86_64-linux-gnu/libvirt.so.0.4000.0
7fe0ad0fa000-7fe0ad109000 r--p 003be000 08:06 3218                       /usr/lib/x86_64-linux-gnu/libvirt.so.0.4000.0
7fe0ad109000-7fe0ad112000 rw-p 003cd000 08:06 3218                       /usr/lib/x86_64-linux-gnu/libvirt.so.0.4000.0
7fe0ad112000-7fe0ad114000 rw-p 00000000 00:00 0 
7fe0ad114000-7fe0ad184000 r-xp 00000000 08:06 1054028                    /lib/x86_64-linux-gnu/libpcre.so.3.13.3
7fe0ad184000-7fe0ad384000 ---p 00070000 08:06 1054028                    /lib/x86_64-linux-gnu/libpcre.so.3.13.3
7fe0ad384000-7fe0ad385000 r--p 00070000 08:06 1054028                    /lib/x86_64-linux-gnu/libpcre.so.3.13.3
7fe0ad385000-7fe0ad386000 rw-p 00071000 08:06 1054028                    /lib/x86_64-linux-gnu/libpcre.so.3.13.3
7fe0ad386000-7fe0ad39e000 r-xp 00000000 08:06 262290                     /usr/local/lib/libvmi-0.9.so
7fe0ad39e000-7fe0ad59e000 ---p 00018000 08:06 262290                     /usr/local/lib/libvmi-0.9.so
7fe0ad59e000-7fe0ad59f000 r--p 00018000 08:06 262290                     /usr/local/lib/libvmi-0.9.so
7fe0ad59f000-7fe0ad5a0000 rw-p 00019000 08:06 262290                     /usr/local/lib/libvmi-0.9.so
7fe0ad5a0000-7fe0ad5a2000 rw-p 00000000 00:00 0 
7fe0ad5a2000-7fe0ad6b5000 r-xp 00000000 08:06 4063                       /usr/lib/x86_64-linux-gnu/libglib-2.0.so.0.5600.2
7fe0ad6b5000-7fe0ad8b5000 ---p 00113000 08:06 4063                       /usr/lib/x86_64-linux-gnu/libglib-2.0.so.0.5600.2
7fe0ad8b5000-7fe0ad8b6000 r--p 00113000 08:06 4063                       /usr/lib/x86_64-linux-gnu/libglib-2.0.so.0.5600.2
7fe0ad8b6000-7fe0ad8b7000 rw-p 00114000 08:06 4063                       /usr/lib/x86_64-linux-gnu/libglib-2.0.so.0.5600.2
7fe0ad8b7000-7fe0ad8b8000 rw-p 00000000 00:00 0 
7fe0ad8b8000-7fe0ad8c2000 r-xp 00000000 08:06 789630                     /usr/local/lib/python2.7/dist-packages/pyvmi.so
7fe0ad8c2000-7fe0adac1000 ---p 0000a000 08:06 789630                     /usr/local/lib/python2.7/dist-packages/pyvmi.so
7fe0adac1000-7fe0adac2000 r--p 00009000 08:06 789630                     /usr/local/lib/python2.7/dist-packages/pyvmi.so
7fe0adac2000-7fe0adac3000 rw-p 0000a000 08:06 789630                     /usr/local/lib/python2.7/dist-packages/pyvmi.so
7fe0adac3000-7fe0aeec4000 rw-p 00000000 00:00 0 
7fe0aeec8000-7fe0aef01000 r--s 00266000 08:09 2493146                    /home/kong/JavaMemory/JDI/out/artifacts/JDI_jar/JDI.jar
7fe0aef01000-7fe0aef0e000 r-xp 00000000 08:06 1061817                    /usr/local/lib/python2.7/dist-packages/Crypto/Cipher/_DES.so
7fe0aef0e000-7fe0af10d000 ---p 0000d000 08:06 1061817                    /usr/local/lib/python2.7/dist-packages/Crypto/Cipher/_DES.so
7fe0af10d000-7fe0af10e000 r--p 0000c000 08:06 1061817                    /usr/local/lib/python2.7/dist-packages/Crypto/Cipher/_DES.so
7fe0af10e000-7fe0af10f000 rw-p 0000d000 08:06 1061817                    /usr/local/lib/python2.7/dist-packages/Crypto/Cipher/_DES.so
7fe0af10f000-7fe0af112000 r-xp 00000000 08:06 1061814                    /usr/local/lib/python2.7/dist-packages/Crypto/Cipher/_ARC4.so
7fe0af112000-7fe0af311000 ---p 00003000 08:06 1061814                    /usr/local/lib/python2.7/dist-packages/Crypto/Cipher/_ARC4.so
7fe0af311000-7fe0af312000 r--p 00002000 08:06 1061814                    /usr/local/lib/python2.7/dist-packages/Crypto/Cipher/_ARC4.so
7fe0af312000-7fe0af313000 rw-p 00003000 08:06 1061814                    /usr/local/lib/python2.7/dist-packages/Crypto/Cipher/_ARC4.so
7fe0af313000-7fe0af316000 r-xp 00000000 08:06 135040                     /usr/local/lib/python2.7/dist-packages/Crypto/Hash/_MD4.so
7fe0af316000-7fe0af515000 ---p 00003000 08:06 135040                     /usr/local/lib/python2.7/dist-packages/Crypto/Hash/_MD4.so
7fe0af515000-7fe0af516000 r--p 00002000 08:06 135040                     /usr/local/lib/python2.7/dist-packages/Crypto/Hash/_MD4.so
7fe0af516000-7fe0af517000 rw-p 00003000 08:06 135040                     /usr/local/lib/python2.7/dist-packages/Crypto/Hash/_MD4.so
7fe0af517000-7fe0af51c000 r-xp 00000000 08:06 7186                       /usr/lib/python2.7/lib-dynload/_hashlib.x86_64-linux-gnu.so
7fe0af51c000-7fe0af71b000 ---p 00005000 08:06 7186                       /usr/lib/python2.7/lib-dynload/_hashlib.x86_64-linux-gnu.so
7fe0af71b000-7fe0af71c000 r--p 00004000 08:06 7186                       /usr/lib/python2.7/lib-dynload/_hashlib.x86_64-linux-gnu.so
7fe0af71c000-7fe0af71d000 rw-p 00005000 08:06 7186                       /usr/lib/python2.7/lib-dynload/_hashlib.x86_64-linux-gnu.so
7fe0af71d000-7fe0af85d000 rw-p 00000000 00:00 0 
7fe0af85d000-7fe0af85f000 r-xp 00000000 08:06 7228                       /usr/lib/python2.7/lib-dynload/resource.x86_64-linux-gnu.so
7fe0af85f000-7fe0afa5e000 ---p 00002000 08:06 7228                       /usr/lib/python2.7/lib-dynload/resource.x86_64-linux-gnu.so
7fe0afa5e000-7fe0afa5f000 r--p 00001000 08:06 7228                       /usr/lib/python2.7/lib-dynload/resource.x86_64-linux-gnu.so
7fe0afa5f000-7fe0afa60000 rw-p 00002000 08:06 7228                       /usr/lib/python2.7/lib-dynload/resource.x86_64-linux-gnu.so
7fe0afa60000-7fe0afba0000 rw-p 00000000 00:00 0 
7fe0afba0000-7fe0afbaa000 r-xp 00000000 08:06 815718                     /usr/local/lib/python2.7/dist-packages/distorm3/libdistorm3.so
7fe0afbaa000-7fe0afda9000 ---p 0000a000 08:06 815718                     /usr/local/lib/python2.7/dist-packages/distorm3/libdistorm3.so
7fe0afda9000-7fe0afdaa000 r--p 00009000 08:06 815718                     /usr/local/lib/python2.7/dist-packages/distorm3/libdistorm3.so
7fe0afdaa000-7fe0afdb1000 rw-p 0000a000 08:06 815718                     /usr/local/lib/python2.7/dist-packages/distorm3/libdistorm3.so
7fe0afdb1000-7fe0afdb8000 r-xp 00000000 08:06 11396                      /usr/lib/x86_64-linux-gnu/libffi.so.6.0.4
7fe0afdb8000-7fe0affb7000 ---p 00007000 08:06 11396                      /usr/lib/x86_64-linux-gnu/libffi.so.6.0.4
7fe0affb7000-7fe0affb8000 r--p 00006000 08:06 11396                      /usr/lib/x86_64-linux-gnu/libffi.so.6.0.4
7fe0affb8000-7fe0affb9000 rw-p 00007000 08:06 11396                      /usr/lib/x86_64-linux-gnu/libffi.so.6.0.4
7fe0affb9000-7fe0affd7000 r-xp 00000000 08:06 7176                       /usr/lib/python2.7/lib-dynload/_ctypes.x86_64-linux-gnu.so
7fe0affd7000-7fe0b01d7000 ---p 0001e000 08:06 7176                       /usr/lib/python2.7/lib-dynload/_ctypes.x86_64-linux-gnu.so
7fe0b01d7000-7fe0b01d8000 r--p 0001e000 08:06 7176                       /usr/lib/python2.7/lib-dynload/_ctypes.x86_64-linux-gnu.so
7fe0b01d8000-7fe0b01dc000 rw-p 0001f000 08:06 7176                       /usr/lib/python2.7/lib-dynload/_ctypes.x86_64-linux-gnu.so
7fe0b01dc000-7fe0b031c000 rw-p 00000000 00:00 0 
7fe0b031c000-7fe0b041f000 r-xp 00000000 08:06 1602                       /usr/lib/x86_64-linux-gnu/libsqlite3.so.0.8.6
7fe0b041f000-7fe0b061f000 ---p 00103000 08:06 1602                       /usr/lib/x86_64-linux-gnu/libsqlite3.so.0.8.6
7fe0b061f000-7fe0b0622000 r--p 00103000 08:06 1602                       /usr/lib/x86_64-linux-gnu/libsqlite3.so.0.8.6
7fe0b0622000-7fe0b0624000 rw-p 00106000 08:06 1602                       /usr/lib/x86_64-linux-gnu/libsqlite3.so.0.8.6
7fe0b0624000-7fe0b0625000 rw-p 00000000 00:00 0 
7fe0b0625000-7fe0b0639000 r-xp 00000000 08:06 7198                       /usr/lib/python2.7/lib-dynload/_sqlite3.x86_64-linux-gnu.so
7fe0b0639000-7fe0b0839000 ---p 00014000 08:06 7198                       /usr/lib/python2.7/lib-dynload/_sqlite3.x86_64-linux-gnu.so
7fe0b0839000-7fe0b083a000 r--p 00014000 08:06 7198                       /usr/lib/python2.7/lib-dynload/_sqlite3.x86_64-linux-gnu.so
7fe0b083a000-7fe0b083c000 rw-p 00015000 08:06 7198                       /usr/lib/python2.7/lib-dynload/_sqlite3.x86_64-linux-gnu.so
7fe0b083c000-7fe0b084b000 r-xp 00000000 08:06 7190                       /usr/lib/python2.7/lib-dynload/_json.x86_64-linux-gnu.so
7fe0b084b000-7fe0b0a4a000 ---p 0000f000 08:06 7190                       /usr/lib/python2.7/lib-dynload/_json.x86_64-linux-gnu.so
7fe0b0a4a000-7fe0b0a4b000 r--p 0000e000 08:06 7190                       /usr/lib/python2.7/lib-dynload/_json.x86_64-linux-gnu.so
7fe0b0a4b000-7fe0b0a4c000 rw-p 0000f000 08:06 7190                       /usr/lib/python2.7/lib-dynload/_json.x86_64-linux-gnu.so
7fe0b0a4c000-7fe0b0a8c000 rw-p 00000000 00:00 0 
7fe0b0a8c000-7fe0b0cd9000 r-xp 00000000 08:06 9776                       /usr/lib/x86_64-linux-gnu/libcrypto.so.1.1
7fe0b0cd9000-7fe0b0ed9000 ---p 0024d000 08:06 9776                       /usr/lib/x86_64-linux-gnu/libcrypto.so.1.1
7fe0b0ed9000-7fe0b0ef7000 r--p 0024d000 08:06 9776                       /usr/lib/x86_64-linux-gnu/libcrypto.so.1.1
7fe0b0ef7000-7fe0b0f01000 rw-p 0026b000 08:06 9776                       /usr/lib/x86_64-linux-gnu/libcrypto.so.1.1
7fe0b0f01000-7fe0b0f04000 rw-p 00000000 00:00 0 
7fe0b0f04000-7fe0b0f64000 r-xp 00000000 08:06 9777                       /usr/lib/x86_64-linux-gnu/libssl.so.1.1
7fe0b0f64000-7fe0b1164000 ---p 00060000 08:06 9777                       /usr/lib/x86_64-linux-gnu/libssl.so.1.1
7fe0b1164000-7fe0b1168000 r--p 00060000 08:06 9777                       /usr/lib/x86_64-linux-gnu/libssl.so.1.1
7fe0b1168000-7fe0b116e000 rw-p 00064000 08:06 9777                       /usr/lib/x86_64-linux-gnu/libssl.so.1.1
7fe0b116e000-7fe0b1183000 r-xp 00000000 08:06 7200                       /usr/lib/python2.7/lib-dynload/_ssl.x86_64-linux-gnu.so
7fe0b1183000-7fe0b1382000 ---p 00015000 08:06 7200                       /usr/lib/python2.7/lib-dynload/_ssl.x86_64-linux-gnu.so
7fe0b1382000-7fe0b1383000 r--p 00014000 08:06 7200                       /usr/lib/python2.7/lib-dynload/_ssl.x86_64-linux-gnu.so
7fe0b1383000-7fe0b1387000 rw-p 00015000 08:06 7200                       /usr/lib/python2.7/lib-dynload/_ssl.x86_64-linux-gnu.so
7fe0b1387000-7fe0b1507000 rw-p 00000000 00:00 0 
7fe0b1507000-7fe0b1516000 r-xp 00000000 08:06 1054444                    /lib/x86_64-linux-gnu/libbz2.so.1.0.4
7fe0b1516000-7fe0b1715000 ---p 0000f000 08:06 1054444                    /lib/x86_64-linux-gnu/libbz2.so.1.0.4
7fe0b1715000-7fe0b1716000 r--p 0000e000 08:06 1054444                    /lib/x86_64-linux-gnu/libbz2.so.1.0.4
7fe0b1716000-7fe0b1717000 rw-p 0000f000 08:06 1054444                    /lib/x86_64-linux-gnu/libbz2.so.1.0.4
7fe0b1717000-7fe0b171f000 r-xp 00000000 08:06 7206                       /usr/lib/python2.7/lib-dynload/bz2.x86_64-linux-gnu.so
7fe0b171f000-7fe0b191e000 ---p 00008000 08:06 7206                       /usr/lib/python2.7/lib-dynload/bz2.x86_64-linux-gnu.so
7fe0b191e000-7fe0b191f000 r--p 00007000 08:06 7206                       /usr/lib/python2.7/lib-dynload/bz2.x86_64-linux-gnu.so
7fe0b191f000-7fe0b1921000 rw-p 00008000 08:06 7206                       /usr/lib/python2.7/lib-dynload/bz2.x86_64-linux-gnu.so
7fe0b1922000-7fe0b1a62000 rw-p 00000000 00:00 0 
7fe0b1a62000-7fe0b1ef6000 r--p 00000000 08:06 8372                       /usr/lib/locale/locale-archive
7fe0b1ef6000-7fe0b2093000 r-xp 00000000 08:06 1061175                    /lib/x86_64-linux-gnu/libm-2.27.so
7fe0b2093000-7fe0b2292000 ---p 0019d000 08:06 1061175                    /lib/x86_64-linux-gnu/libm-2.27.so
7fe0b2292000-7fe0b2293000 r--p 0019c000 08:06 1061175                    /lib/x86_64-linux-gnu/libm-2.27.so
7fe0b2293000-7fe0b2294000 rw-p 0019d000 08:06 1061175                    /lib/x86_64-linux-gnu/libm-2.27.so
7fe0b2294000-7fe0b22b0000 r-xp 00000000 08:06 1050595                    /lib/x86_64-linux-gnu/libz.so.1.2.11
7fe0b22b0000-7fe0b24af000 ---p 0001c000 08:06 1050595                    /lib/x86_64-linux-gnu/libz.so.1.2.11
7fe0b24af000-7fe0b24b0000 r--p 0001b000 08:06 1050595                    /lib/x86_64-linux-gnu/libz.so.1.2.11
7fe0b24b0000-7fe0b24b1000 rw-p 0001c000 08:06 1050595                    /lib/x86_64-linux-gnu/libz.so.1.2.11
7fe0b24b1000-7fe0b24b3000 r-xp 00000000 08:06 1061190                    /lib/x86_64-linux-gnu/libutil-2.27.so
7fe0b24b3000-7fe0b26b2000 ---p 00002000 08:06 1061190                    /lib/x86_64-linux-gnu/libutil-2.27.so
7fe0b26b2000-7fe0b26b3000 r--p 00001000 08:06 1061190                    /lib/x86_64-linux-gnu/libutil-2.27.so
7fe0b26b3000-7fe0b26b4000 rw-p 00002000 08:06 1061190                    /lib/x86_64-linux-gnu/libutil-2.27.so
7fe0b26b4000-7fe0b26b7000 r-xp 00000000 08:06 1061174                    /lib/x86_64-linux-gnu/libdl-2.27.so
7fe0b26b7000-7fe0b28b6000 ---p 00003000 08:06 1061174                    /lib/x86_64-linux-gnu/libdl-2.27.so
7fe0b28b6000-7fe0b28b7000 r--p 00002000 08:06 1061174                    /lib/x86_64-linux-gnu/libdl-2.27.so
7fe0b28b7000-7fe0b28b8000 rw-p 00003000 08:06 1061174                    /lib/x86_64-linux-gnu/libdl-2.27.so
7fe0b28b8000-7fe0b28d2000 r-xp 00000000 08:06 1061186                    /lib/x86_64-linux-gnu/libpthread-2.27.so
7fe0b28d2000-7fe0b2ad1000 ---p 0001a000 08:06 1061186                    /lib/x86_64-linux-gnu/libpthread-2.27.so
7fe0b2ad1000-7fe0b2ad2000 r--p 00019000 08:06 1061186                    /lib/x86_64-linux-gnu/libpthread-2.27.so
7fe0b2ad2000-7fe0b2ad3000 rw-p 0001a000 08:06 1061186                    /lib/x86_64-linux-gnu/libpthread-2.27.so
7fe0b2ad3000-7fe0b2ad7000 rw-p 00000000 00:00 0 
7fe0b2ad7000-7fe0b2cbe000 r-xp 00000000 08:06 1061171                    /lib/x86_64-linux-gnu/libc-2.27.so
7fe0b2cbe000-7fe0b2ebe000 ---p 001e7000 08:06 1061171                    /lib/x86_64-linux-gnu/libc-2.27.so
7fe0b2ebe000-7fe0b2ec2000 r--p 001e7000 08:06 1061171                    /lib/x86_64-linux-gnu/libc-2.27.so
7fe0b2ec2000-7fe0b2ec4000 rw-p 001eb000 08:06 1061171                    /lib/x86_64-linux-gnu/libc-2.27.so
7fe0b2ec4000-7fe0b2ec8000 rw-p 00000000 00:00 0 
7fe0b2ec8000-7fe0b2eef000 r-xp 00000000 08:06 1054549                    /lib/x86_64-linux-gnu/ld-2.27.so
7fe0b2f1c000-7fe0b2fdc000 rw-p 00000000 00:00 0 
7fe0b2ffa000-7fe0b30d4000 rw-p 00000000 00:00 0 
7fe0b30dd000-7fe0b30e5000 rw-s 00000000 08:06 1048671                    /tmp/hsperfdata_kong/4943
7fe0b30e5000-7fe0b30e6000 rw-p 00000000 00:00 0 
7fe0b30e6000-7fe0b30e7000 r--p 00000000 00:00 0 
7fe0b30e7000-7fe0b30ee000 r--s 00000000 08:06 147658                     /usr/lib/x86_64-linux-gnu/gconv/gconv-modules.cache
7fe0b30ee000-7fe0b30ef000 rwxp 00000000 00:00 0 
7fe0b30ef000-7fe0b30f0000 r--p 00027000 08:06 1054549                    /lib/x86_64-linux-gnu/ld-2.27.so
7fe0b30f0000-7fe0b30f1000 rw-p 00028000 08:06 1054549                    /lib/x86_64-linux-gnu/ld-2.27.so
7fe0b30f1000-7fe0b30f2000 rw-p 00000000 00:00 0 
7ffeb86c3000-7ffeb86c6000 ---p 00000000 00:00 0 
7ffeb86c6000-7ffeb87c3000 rw-p 00000000 00:00 0                          [stack]
7ffeb87d3000-7ffeb87d6000 r--p 00000000 00:00 0                          [vvar]
7ffeb87d6000-7ffeb87d8000 r-xp 00000000 00:00 0                          [vdso]
ffffffffff600000-ffffffffff601000 r-xp 00000000 00:00 0                  [vsyscall]

VM Arguments:
java_command: <unknown>
java_class_path (initial): /home/kong/JavaMemory/JDI/out/artifacts/JDI_jar/JDI.jar
Launcher Type: generic

Environment Variables:
JAVA_HOME=/usr/lib/jvm/java-8-oracle
PATH=/home/kong/.local/bin:/usr/local/sbin:/usr/local/bin:/usr/sbin:/usr/bin:/sbin:/bin:/usr/games:/usr/local/games:/snap/bin:/usr/lib/jvm/java-8-oracle/bin:/usr/lib/jvm/java-8-oracle/db/bin:/usr/lib/jvm/java-8-oracle/jre/bin:/opt/apache-ant-1.10.5/bin
USERNAME=kong
SHELL=/bin/zsh
DISPLAY=:0

Signal Handlers:
SIGSEGV: [libjvm.so+0xad2a40], sa_mask[0]=11111111011111111101111111111110, sa_flags=SA_RESTART|SA_SIGINFO
SIGBUS: [libjvm.so+0xad2a40], sa_mask[0]=11111111011111111101111111111110, sa_flags=SA_RESTART|SA_SIGINFO
SIGFPE: [libjvm.so+0x92a610], sa_mask[0]=11111111011111111101111111111110, sa_flags=SA_RESTART|SA_SIGINFO
SIGPIPE: [libjvm.so+0x92a610], sa_mask[0]=11111111011111111101111111111110, sa_flags=SA_RESTART|SA_SIGINFO
SIGXFSZ: [libjvm.so+0x92a610], sa_mask[0]=11111111011111111101111111111110, sa_flags=SA_RESTART|SA_SIGINFO
SIGILL: [libjvm.so+0x92a610], sa_mask[0]=11111111011111111101111111111110, sa_flags=SA_RESTART|SA_SIGINFO
SIGUSR1: SIG_DFL, sa_mask[0]=00000000000000000000000000000000, sa_flags=none
SIGUSR2: [libjvm.so+0x92be70], sa_mask[0]=00100000000000000000000000000000, sa_flags=SA_RESTART|SA_SIGINFO
SIGHUP: [libjvm.so+0x92d270], sa_mask[0]=11111111011111111101111111111110, sa_flags=SA_RESTART|SA_SIGINFO
SIGINT: [libjvm.so+0x92d270], sa_mask[0]=11111111011111111101111111111110, sa_flags=SA_RESTART|SA_SIGINFO
SIGTERM: [libjvm.so+0x92d270], sa_mask[0]=11111111011111111101111111111110, sa_flags=SA_RESTART|SA_SIGINFO
SIGQUIT: [libjvm.so+0x92d270], sa_mask[0]=11111111011111111101111111111110, sa_flags=SA_RESTART|SA_SIGINFO


---------------  S Y S T E M  ---------------

OS:DISTRIB_ID=Ubuntu
DISTRIB_RELEASE=18.04
DISTRIB_CODENAME=bionic
DISTRIB_DESCRIPTION="Ubuntu 18.04.1 LTS"

uname:Linux 4.15.0-39-generic #42-Ubuntu SMP Tue Oct 23 15:48:01 UTC 2018 x86_64
libc:glibc 2.27 NPTL 2.27 
rlimit: STACK 8192k, CORE 0k, NPROC 14806, NOFILE 1048576, AS infinity
load average:1.30 0.90 1.05

/proc/meminfo:
MemTotal:        3852932 kB
MemFree:          133552 kB
MemAvailable:     105924 kB
Buffers:            4320 kB
Cached:           281060 kB
SwapCached:        18824 kB
Active:          2546020 kB
Inactive:         944748 kB
Active(anon):    2457724 kB
Inactive(anon):   889632 kB
Active(file):      88296 kB
Inactive(file):    55116 kB
Unevictable:          16 kB
Mlocked:              16 kB
SwapTotal:       1998844 kB
SwapFree:         307288 kB
Dirty:               196 kB
Writeback:             0 kB
AnonPages:       3187016 kB
Mapped:           132740 kB
Shmem:            141972 kB
Slab:             103620 kB
SReclaimable:      37056 kB
SUnreclaim:        66564 kB
KernelStack:       11928 kB
PageTables:        54904 kB
NFS_Unstable:          0 kB
Bounce:                0 kB
WritebackTmp:          0 kB
CommitLimit:     3925308 kB
Committed_AS:   10287072 kB
VmallocTotal:   34359738367 kB
VmallocUsed:           0 kB
VmallocChunk:          0 kB
HardwareCorrupted:     0 kB
AnonHugePages:    104448 kB
ShmemHugePages:        0 kB
ShmemPmdMapped:        0 kB
CmaTotal:              0 kB
CmaFree:               0 kB
HugePages_Total:       0
HugePages_Free:        0
HugePages_Rsvd:        0
HugePages_Surp:        0
Hugepagesize:       2048 kB
DirectMap4k:      190172 kB
DirectMap2M:     3815424 kB


CPU:total 2 (initial active 2) (2 cores per cpu, 1 threads per core) family 6 model 42 stepping 7, cmov, cx8, fxsr, mmx, sse, sse2, sse3, ssse3, sse4.1, sse4.2, popcnt, clmul, tsc, tscinvbit

/proc/cpuinfo:
processor	: 0
vendor_id	: GenuineIntel
cpu family	: 6
model		: 42
model name	: Intel(R) Pentium(R) CPU G645 @ 2.90GHz
stepping	: 7
microcode	: 0x2e
cpu MHz		: 2033.235
cache size	: 3072 KB
physical id	: 0
siblings	: 2
core id		: 0
cpu cores	: 2
apicid		: 0
initial apicid	: 0
fpu		: yes
fpu_exception	: yes
cpuid level	: 13
wp		: yes
flags		: fpu vme de pse tsc msr pae mce cx8 apic sep mtrr pge mca cmov pat pse36 clflush dts acpi mmx fxsr sse sse2 ss ht tm pbe syscall nx rdtscp lm constant_tsc arch_perfmon pebs bts rep_good nopl xtopology nonstop_tsc cpuid aperfmperf pni pclmulqdq dtes64 monitor ds_cpl vmx est tm2 ssse3 cx16 xtpr pdcm pcid sse4_1 sse4_2 popcnt tsc_deadline_timer xsave lahf_lm epb pti ssbd ibrs ibpb stibp tpr_shadow vnmi flexpriority ept vpid xsaveopt dtherm arat pln pts flush_l1d
bugs		: cpu_meltdown spectre_v1 spectre_v2 spec_store_bypass l1tf
bogomips	: 5786.63
clflush size	: 64
cache_alignment	: 64
address sizes	: 36 bits physical, 48 bits virtual
power management:

processor	: 1
vendor_id	: GenuineIntel
cpu family	: 6
model		: 42
model name	: Intel(R) Pentium(R) CPU G645 @ 2.90GHz
stepping	: 7
microcode	: 0x2e
cpu MHz		: 2194.764
cache size	: 3072 KB
physical id	: 0
siblings	: 2
core id		: 1
cpu cores	: 2
apicid		: 2
initial apicid	: 2
fpu		: yes
fpu_exception	: yes
cpuid level	: 13
wp		: yes
flags		: fpu vme de pse tsc msr pae mce cx8 apic sep mtrr pge mca cmov pat pse36 clflush dts acpi mmx fxsr sse sse2 ss ht tm pbe syscall nx rdtscp lm constant_tsc arch_perfmon pebs bts rep_good nopl xtopology nonstop_tsc cpuid aperfmperf pni pclmulqdq dtes64 monitor ds_cpl vmx est tm2 ssse3 cx16 xtpr pdcm pcid sse4_1 sse4_2 popcnt tsc_deadline_timer xsave lahf_lm epb pti ssbd ibrs ibpb stibp tpr_shadow vnmi flexpriority ept vpid xsaveopt dtherm arat pln pts flush_l1d
bugs		: cpu_meltdown spectre_v1 spectre_v2 spec_store_bypass l1tf
bogomips	: 5786.63
clflush size	: 64
cache_alignment	: 64
address sizes	: 36 bits physical, 48 bits virtual
power management:



Memory: 4k page, physical 3852932k(133552k free), swap 1998844k(307288k free)

vm_info: Java HotSpot(TM) 64-Bit Server VM (25.181-b13) for linux-amd64 JRE (1.8.0_181-b13), built on Jul  7 2018 00:56:38 by "java_re" with gcc 4.3.0 20080428 (Red Hat 4.3.0-8)

time: Thu Nov 15 15:49:47 2018
elapsed time: 27 seconds (0d 0h 0m 27s)

