一月 11, 2018 9:38:31 上午 org.apache.catalina.core.ApplicationContext log
信息: ContextListener: contextInitialized()
一月 11, 2018 9:38:31 上午 org.apache.catalina.core.ApplicationContext log
信息: SessionListener: contextInitialized()
一月 11, 2018 9:38:31 上午 org.apache.catalina.core.ApplicationContext log
信息: ContextListener: attributeAdded('org.apache.jasper.compiler.TldLocationsCache', 'org.apache.jasper.compiler.TldLocationsCache@2f39360')
一月 11, 2018 9:38:53 上午 org.apache.catalina.core.ApplicationContext log
信息: SessionListener: contextDestroyed()
一月 11, 2018 9:38:53 上午 org.apache.catalina.core.ApplicationContext log
信息: ContextListener: contextDestroyed()
一月 11, 2018 9:42:04 上午 org.apache.catalina.core.ApplicationContext log
信息: ContextListener: contextInitialized()
一月 11, 2018 9:42:04 上午 org.apache.catalina.core.ApplicationContext log
信息: SessionListener: contextInitialized()
一月 11, 2018 9:42:04 上午 org.apache.catalina.core.ApplicationContext log
信息: ContextListener: attributeAdded('org.apache.jasper.compiler.TldLocationsCache', 'org.apache.jasper.compiler.TldLocationsCache@6a7e3bee')
一月 11, 2018 9:50:12 上午 org.apache.catalina.core.ApplicationContext log
信息: SessionListener: contextDestroyed()
一月 11, 2018 9:50:12 上午 org.apache.catalina.core.ApplicationContext log
信息: ContextListener: contextDestroyed()
一月 11, 2018 10:07:14 上午 org.apache.catalina.core.ApplicationContext log
信息: ContextListener: contextInitialized()
一月 11, 2018 10:07:14 上午 org.apache.catalina.core.ApplicationContext log
信息: SessionListener: contextInitialized()
一月 11, 2018 10:07:14 上午 org.apache.catalina.core.ApplicationContext log
信息: ContextListener: attributeAdded('org.apache.jasper.compiler.TldLocationsCache', 'org.apache.jasper.compiler.TldLocationsCache@2b4776bf')
一月 11, 2018 1:18:36 下午 org.apache.catalina.core.ApplicationContext log
信息: SessionListener: contextDestroyed()
一月 11, 2018 1:18:36 下午 org.apache.catalina.core.ApplicationContext log
信息: ContextListener: contextDestroyed()
一月 11, 2018 1:18:51 下午 org.apache.catalina.core.ApplicationContext log
信息: ContextListener: contextInitialized()
一月 11, 2018 1:18:51 下午 org.apache.catalina.core.ApplicationContext log
信息: SessionListener: contextInitialized()
一月 11, 2018 1:18:51 下午 org.apache.catalina.core.ApplicationContext log
信息: ContextListener: attributeAdded('org.apache.jasper.compiler.TldLocationsCache', 'org.apache.jasper.compiler.TldLocationsCache@1783f1fd')
一月 11, 2018 1:54:16 下午 org.apache.catalina.core.ApplicationContext log
信息: SessionListener: contextDestroyed()
一月 11, 2018 1:54:16 下午 org.apache.catalina.core.ApplicationContext log
信息: ContextListener: contextDestroyed()
一月 11, 2018 1:54:54 下午 org.apache.catalina.core.ApplicationContext log
信息: ContextListener: contextInitialized()
一月 11, 2018 1:54:54 下午 org.apache.catalina.core.ApplicationContext log
信息: SessionListener: contextInitialized()
一月 11, 2018 1:54:54 下午 org.apache.catalina.core.ApplicationContext log
信息: ContextListener: attributeAdded('org.apache.jasper.compiler.TldLocationsCache', 'org.apache.jasper.compiler.TldLocationsCache@7f95cccf')
一月 11, 2018 2:01:30 下午 org.apache.catalina.core.ApplicationContext log
信息: SessionListener: contextDestroyed()
一月 11, 2018 2:01:30 下午 org.apache.catalina.core.ApplicationContext log
信息: ContextListener: contextDestroyed()
一月 11, 2018 2:03:42 下午 org.apache.catalina.core.ApplicationContext log
信息: ContextListener: contextInitialized()
一月 11, 2018 2:03:42 下午 org.apache.catalina.core.ApplicationContext log
信息: SessionListener: contextInitialized()
一月 11, 2018 2:03:42 下午 org.apache.catalina.core.ApplicationContext log
信息: ContextListener: attributeAdded('org.apache.jasper.compiler.TldLocationsCache', 'org.apache.jasper.compiler.TldLocationsCache@1c11e2f9')
一月 11, 2018 2:08:11 下午 org.apache.catalina.core.ApplicationContext log
信息: SessionListener: contextDestroyed()
一月 11, 2018 2:08:11 下午 org.apache.catalina.core.ApplicationContext log
信息: ContextListener: contextDestroyed()
一月 11, 2018 2:17:26 下午 org.apache.catalina.core.ApplicationContext log
信息: ContextListener: contextInitialized()
一月 11, 2018 2:17:26 下午 org.apache.catalina.core.ApplicationContext log
信息: SessionListener: contextInitialized()
一月 11, 2018 2:17:26 下午 org.apache.catalina.core.ApplicationContext log
信息: ContextListener: attributeAdded('org.apache.jasper.compiler.TldLocationsCache', 'org.apache.jasper.compiler.TldLocationsCache@61f1b2c8')
一月 11, 2018 2:19:43 下午 org.apache.catalina.core.ApplicationContext log
信息: SessionListener: contextDestroyed()
一月 11, 2018 2:19:43 下午 org.apache.catalina.core.ApplicationContext log
信息: ContextListener: contextDestroyed()
一月 11, 2018 2:24:45 下午 org.apache.catalina.core.ApplicationContext log
信息: ContextListener: contextInitialized()
一月 11, 2018 2:24:45 下午 org.apache.catalina.core.ApplicationContext log
信息: SessionListener: contextInitialized()
一月 11, 2018 2:24:45 下午 org.apache.catalina.core.ApplicationContext log
信息: ContextListener: attributeAdded('org.apache.jasper.compiler.TldLocationsCache', 'org.apache.jasper.compiler.TldLocationsCache@2d89a7c1')
一月 11, 2018 2:29:09 下午 org.apache.catalina.core.ApplicationContext log
信息: SessionListener: contextDestroyed()
一月 11, 2018 2:29:09 下午 org.apache.catalina.core.ApplicationContext log
信息: ContextListener: contextDestroyed()
一月 11, 2018 2:30:31 下午 org.apache.catalina.core.ApplicationContext log
信息: ContextListener: contextInitialized()
一月 11, 2018 2:30:31 下午 org.apache.catalina.core.ApplicationContext log
信息: SessionListener: contextInitialized()
一月 11, 2018 2:30:31 下午 org.apache.catalina.core.ApplicationContext log
信息: ContextListener: attributeAdded('org.apache.jasper.compiler.TldLocationsCache', 'org.apache.jasper.compiler.TldLocationsCache@15cf53d7')
一月 11, 2018 2:36:04 下午 org.apache.catalina.core.ApplicationContext log
信息: SessionListener: contextDestroyed()
一月 11, 2018 2:36:04 下午 org.apache.catalina.core.ApplicationContext log
信息: ContextListener: contextDestroyed()
一月 11, 2018 3:05:33 下午 org.apache.catalina.core.ApplicationContext log
信息: ContextListener: contextInitialized()
一月 11, 2018 3:05:33 下午 org.apache.catalina.core.ApplicationContext log
信息: SessionListener: contextInitialized()
一月 11, 2018 3:05:33 下午 org.apache.catalina.core.ApplicationContext log
信息: ContextListener: attributeAdded('org.apache.jasper.compiler.TldLocationsCache', 'org.apache.jasper.compiler.TldLocationsCache@45970cbb')
一月 11, 2018 3:07:14 下午 org.apache.catalina.core.ApplicationContext log
信息: SessionListener: contextDestroyed()
一月 11, 2018 3:07:14 下午 org.apache.catalina.core.ApplicationContext log
信息: ContextListener: contextDestroyed()
一月 11, 2018 3:07:57 下午 org.apache.catalina.core.ApplicationContext log
信息: ContextListener: contextInitialized()
一月 11, 2018 3:07:57 下午 org.apache.catalina.core.ApplicationContext log
信息: SessionListener: contextInitialized()
一月 11, 2018 3:07:57 下午 org.apache.catalina.core.ApplicationContext log
信息: ContextListener: attributeAdded('org.apache.jasper.compiler.TldLocationsCache', 'org.apache.jasper.compiler.TldLocationsCache@4bb2383e')
一月 11, 2018 3:10:51 下午 org.apache.catalina.core.ApplicationContext log
信息: SessionListener: contextDestroyed()
一月 11, 2018 3:10:51 下午 org.apache.catalina.core.ApplicationContext log
信息: ContextListener: contextDestroyed()
一月 11, 2018 3:11:18 下午 org.apache.catalina.core.ApplicationContext log
信息: ContextListener: contextInitialized()
一月 11, 2018 3:11:18 下午 org.apache.catalina.core.ApplicationContext log
信息: SessionListener: contextInitialized()
一月 11, 2018 3:11:18 下午 org.apache.catalina.core.ApplicationContext log
信息: ContextListener: attributeAdded('org.apache.jasper.compiler.TldLocationsCache', 'org.apache.jasper.compiler.TldLocationsCache@47ed58c9')
一月 11, 2018 3:17:21 下午 org.apache.catalina.core.ApplicationContext log
信息: SessionListener: contextDestroyed()
一月 11, 2018 3:17:21 下午 org.apache.catalina.core.ApplicationContext log
信息: ContextListener: contextDestroyed()
一月 11, 2018 3:20:15 下午 org.apache.catalina.core.ApplicationContext log
信息: ContextListener: contextInitialized()
一月 11, 2018 3:20:15 下午 org.apache.catalina.core.ApplicationContext log
信息: SessionListener: contextInitialized()
一月 11, 2018 3:20:15 下午 org.apache.catalina.core.ApplicationContext log
信息: ContextListener: attributeAdded('org.apache.jasper.compiler.TldLocationsCache', 'org.apache.jasper.compiler.TldLocationsCache@3a624f82')
一月 11, 2018 3:22:39 下午 org.apache.catalina.core.ApplicationContext log
信息: SessionListener: contextDestroyed()
一月 11, 2018 3:22:39 下午 org.apache.catalina.core.ApplicationContext log
信息: ContextListener: contextDestroyed()
一月 11, 2018 3:23:34 下午 org.apache.catalina.core.ApplicationContext log
信息: ContextListener: contextInitialized()
一月 11, 2018 3:23:34 下午 org.apache.catalina.core.ApplicationContext log
信息: SessionListener: contextInitialized()
一月 11, 2018 3:23:34 下午 org.apache.catalina.core.ApplicationContext log
信息: ContextListener: attributeAdded('org.apache.jasper.compiler.TldLocationsCache', 'org.apache.jasper.compiler.TldLocationsCache@67c69d63')
一月 11, 2018 4:26:21 下午 org.apache.catalina.core.ApplicationContext log
信息: SessionListener: contextDestroyed()
一月 11, 2018 4:26:21 下午 org.apache.catalina.core.ApplicationContext log
信息: ContextListener: contextDestroyed()
一月 11, 2018 4:26:42 下午 org.apache.catalina.core.ApplicationContext log
信息: ContextListener: contextInitialized()
一月 11, 2018 4:26:42 下午 org.apache.catalina.core.ApplicationContext log
信息: SessionListener: contextInitialized()
一月 11, 2018 4:26:42 下午 org.apache.catalina.core.ApplicationContext log
信息: ContextListener: attributeAdded('org.apache.jasper.compiler.TldLocationsCache', 'org.apache.jasper.compiler.TldLocationsCache@1d7c1579')
一月 11, 2018 4:52:13 下午 org.apache.catalina.core.ApplicationContext log
信息: SessionListener: contextDestroyed()
一月 11, 2018 4:52:13 下午 org.apache.catalina.core.ApplicationContext log
信息: ContextListener: contextDestroyed()
