一月 15, 2018 10:08:32 下午 org.apache.catalina.core.ApplicationContext log
信息: ContextListener: contextInitialized()
一月 15, 2018 10:08:32 下午 org.apache.catalina.core.ApplicationContext log
信息: SessionListener: contextInitialized()
一月 15, 2018 10:08:32 下午 org.apache.catalina.core.ApplicationContext log
信息: ContextListener: attributeAdded('org.apache.jasper.compiler.TldLocationsCache', 'org.apache.jasper.compiler.TldLocationsCache@4eeb95dc')
一月 15, 2018 10:11:16 下午 org.apache.catalina.core.ApplicationContext log
信息: SessionListener: contextDestroyed()
一月 15, 2018 10:11:16 下午 org.apache.catalina.core.ApplicationContext log
信息: ContextListener: contextDestroyed()
一月 15, 2018 10:14:45 下午 org.apache.catalina.core.ApplicationContext log
信息: ContextListener: contextInitialized()
一月 15, 2018 10:14:45 下午 org.apache.catalina.core.ApplicationContext log
信息: SessionListener: contextInitialized()
一月 15, 2018 10:14:45 下午 org.apache.catalina.core.ApplicationContext log
信息: ContextListener: attributeAdded('org.apache.jasper.compiler.TldLocationsCache', 'org.apache.jasper.compiler.TldLocationsCache@4e551e38')
一月 15, 2018 10:14:46 下午 org.apache.catalina.core.ApplicationContext log
信息: SessionListener: contextDestroyed()
一月 15, 2018 10:14:46 下午 org.apache.catalina.core.ApplicationContext log
信息: ContextListener: contextDestroyed()
一月 15, 2018 10:15:24 下午 org.apache.catalina.core.ApplicationContext log
信息: ContextListener: contextInitialized()
一月 15, 2018 10:15:24 下午 org.apache.catalina.core.ApplicationContext log
信息: SessionListener: contextInitialized()
一月 15, 2018 10:15:24 下午 org.apache.catalina.core.ApplicationContext log
信息: ContextListener: attributeAdded('org.apache.jasper.compiler.TldLocationsCache', 'org.apache.jasper.compiler.TldLocationsCache@c93f7f7')
一月 15, 2018 10:16:31 下午 org.apache.catalina.core.ApplicationContext log
信息: SessionListener: contextDestroyed()
一月 15, 2018 10:16:31 下午 org.apache.catalina.core.ApplicationContext log
信息: ContextListener: contextDestroyed()
一月 15, 2018 10:17:52 下午 org.apache.catalina.core.ApplicationContext log
信息: ContextListener: contextInitialized()
一月 15, 2018 10:17:52 下午 org.apache.catalina.core.ApplicationContext log
信息: SessionListener: contextInitialized()
一月 15, 2018 10:17:52 下午 org.apache.catalina.core.ApplicationContext log
信息: ContextListener: attributeAdded('org.apache.jasper.compiler.TldLocationsCache', 'org.apache.jasper.compiler.TldLocationsCache@3d479558')
